[debug] [2021-04-19T15:51:04.425Z] ----------------------------------------------------------------------
[debug] [2021-04-19T15:51:04.427Z] Command:       C:\Program Files\nodejs\node.exe C:\Users\alici\AppData\Roaming\npm\node_modules\firebase-tools\lib\bin\firebase.js deploy
[debug] [2021-04-19T15:51:04.427Z] CLI Version:   9.10.0
[debug] [2021-04-19T15:51:04.427Z] Platform:      win32
[debug] [2021-04-19T15:51:04.427Z] Node Version:  v14.16.0
[debug] [2021-04-19T15:51:04.428Z] Time:          Mon Apr 19 2021 23:51:04 GMT+0800 (Taipei Standard Time)
[debug] [2021-04-19T15:51:04.428Z] ----------------------------------------------------------------------
[debug] 
[debug] [2021-04-19T15:51:04.435Z] > command requires scopes: ["email","openid","https://www.googleapis.com/auth/cloudplatformprojects.readonly","https://www.googleapis.com/auth/firebase","https://www.googleapis.com/auth/cloud-platform"]
[debug] [2021-04-19T15:51:04.436Z] > authorizing via signed-in user (aliciaajy@gmail.com)
[debug] [2021-04-19T15:51:04.436Z] [iam] checking project foodrangers-88ec9 for permissions ["cloudconfig.configs.get","cloudconfig.configs.update","cloudfunctions.functions.create","cloudfunctions.functions.delete","cloudfunctions.functions.get","cloudfunctions.functions.list","cloudfunctions.functions.update","cloudfunctions.operations.get","datastore.indexes.create","datastore.indexes.delete","datastore.indexes.list","datastore.indexes.update","firebase.projects.get","firebasedatabase.instances.update","firebasehosting.sites.update","firebaserules.releases.create","firebaserules.releases.update","firebaserules.rulesets.create"]
[debug] [2021-04-19T15:51:04.437Z] >>> HTTP REQUEST POST https://cloudresourcemanager.googleapis.com/v1/projects/foodrangers-88ec9:testIamPermissions  
 {"permissions":["cloudconfig.configs.get","cloudconfig.configs.update","cloudfunctions.functions.create","cloudfunctions.functions.delete","cloudfunctions.functions.get","cloudfunctions.functions.list","cloudfunctions.functions.update","cloudfunctions.operations.get","datastore.indexes.create","datastore.indexes.delete","datastore.indexes.list","datastore.indexes.update","firebase.projects.get","firebasedatabase.instances.update","firebasehosting.sites.update","firebaserules.releases.create","firebaserules.releases.update","firebaserules.rulesets.create"]}
[debug] [2021-04-19T15:51:05.568Z] <<< HTTP RESPONSE 200 {"content-type":"application/json; charset=UTF-8","vary":"X-Origin, Referer, Origin,Accept-Encoding","date":"Mon, 19 Apr 2021 15:51:06 GMT","server":"ESF","cache-control":"private","x-xss-protection":"0","x-frame-options":"SAMEORIGIN","x-content-type-options":"nosniff","server-timing":"gfet4t7; dur=1022","alt-svc":"h3-29=\":443\"; ma=2592000,h3-T051=\":443\"; ma=2592000,h3-Q050=\":443\"; ma=2592000,h3-Q046=\":443\"; ma=2592000,h3-Q043=\":443\"; ma=2592000,quic=\":443\"; ma=2592000; v=\"46,43\"","accept-ranges":"none","transfer-encoding":"chunked"}
[debug] [2021-04-19T15:51:05.569Z] >>> HTTP REQUEST POST https://iam.googleapis.com/v1/projects/foodrangers-88ec9/serviceAccounts/foodrangers-88ec9@appspot.gserviceaccount.com:testIamPermissions  
 {"permissions":["iam.serviceAccounts.actAs"]}
[debug] [2021-04-19T15:51:09.763Z] <<< HTTP RESPONSE 200 {"content-type":"application/json; charset=UTF-8","vary":"X-Origin, Referer, Origin,Accept-Encoding","date":"Mon, 19 Apr 2021 15:51:10 GMT","server":"ESF","cache-control":"private","x-xss-protection":"0","x-frame-options":"SAMEORIGIN","x-content-type-options":"nosniff","alt-svc":"h3-29=\":443\"; ma=2592000,h3-T051=\":443\"; ma=2592000,h3-Q050=\":443\"; ma=2592000,h3-Q046=\":443\"; ma=2592000,h3-Q043=\":443\"; ma=2592000,quic=\":443\"; ma=2592000; v=\"46,43\"","accept-ranges":"none","transfer-encoding":"chunked"}
[debug] [2021-04-19T15:51:09.764Z] > refreshing access token with scopes: []
[debug] [2021-04-19T15:51:09.764Z] >>> HTTP REQUEST POST https://www.googleapis.com/oauth2/v3/token  
 <request body omitted>
[debug] [2021-04-19T15:51:09.832Z] <<< HTTP RESPONSE 200 {"expires":"Mon, 01 Jan 1990 00:00:00 GMT","pragma":"no-cache","cache-control":"no-cache, no-store, max-age=0, must-revalidate","date":"Mon, 19 Apr 2021 15:51:11 GMT","content-type":"application/json; charset=utf-8","vary":"X-Origin, Referer, Origin,Accept-Encoding","server":"scaffolding on HTTPServer2","x-xss-protection":"0","x-frame-options":"SAMEORIGIN","x-content-type-options":"nosniff","alt-svc":"h3-29=\":443\"; ma=2592000,h3-T051=\":443\"; ma=2592000,h3-Q050=\":443\"; ma=2592000,h3-Q046=\":443\"; ma=2592000,h3-Q043=\":443\"; ma=2592000,quic=\":443\"; ma=2592000; v=\"46,43\"","accept-ranges":"none","transfer-encoding":"chunked"}
[debug] [2021-04-19T15:51:09.845Z] >>> [apiv2][query] GET https://firebase.googleapis.com/v1beta1/projects/foodrangers-88ec9 [none]
[debug] [2021-04-19T15:51:10.158Z] <<< [apiv2][status] GET https://firebase.googleapis.com/v1beta1/projects/foodrangers-88ec9 200
[debug] [2021-04-19T15:51:10.158Z] <<< [apiv2][body] GET https://firebase.googleapis.com/v1beta1/projects/foodrangers-88ec9 {"projectId":"foodrangers-88ec9","projectNumber":"1053913085927","displayName":"FoodRangers","name":"projects/foodrangers-88ec9","resources":{"hostingSite":"foodrangers-88ec9","realtimeDatabaseInstance":"foodrangers-88ec9-default-rtdb","storageBucket":"foodrangers-88ec9.appspot.com","locationId":"asia-southeast2"},"state":"ACTIVE"}
[debug] [2021-04-19T15:51:10.160Z] >>> [apiv2][query] GET https://firebase.googleapis.com/v1beta1/projects/foodrangers-88ec9 [none]
[debug] [2021-04-19T15:51:10.595Z] <<< [apiv2][status] GET https://firebase.googleapis.com/v1beta1/projects/foodrangers-88ec9 200
[debug] [2021-04-19T15:51:10.596Z] <<< [apiv2][body] GET https://firebase.googleapis.com/v1beta1/projects/foodrangers-88ec9 {"projectId":"foodrangers-88ec9","projectNumber":"1053913085927","displayName":"FoodRangers","name":"projects/foodrangers-88ec9","resources":{"hostingSite":"foodrangers-88ec9","realtimeDatabaseInstance":"foodrangers-88ec9-default-rtdb","storageBucket":"foodrangers-88ec9.appspot.com","locationId":"asia-southeast2"},"state":"ACTIVE"}
[info] 
[info] === Deploying to 'foodrangers-88ec9'...
[info] 
[info] i  deploying database, storage, firestore, functions, hosting, remoteconfig 
[info] i  database: checking rules syntax... 
[debug] [2021-04-19T15:51:12.787Z] > refreshing access token with scopes: ["email","https://www.googleapis.com/auth/cloud-platform","https://www.googleapis.com/auth/cloudplatformprojects.readonly","https://www.googleapis.com/auth/firebase","openid"]
[debug] [2021-04-19T15:51:12.787Z] >>> HTTP REQUEST POST https://www.googleapis.com/oauth2/v3/token  
 <request body omitted>
[debug] [2021-04-19T15:51:13.011Z] <<< HTTP RESPONSE 200 {"pragma":"no-cache","date":"Mon, 19 Apr 2021 15:51:14 GMT","expires":"Mon, 01 Jan 1990 00:00:00 GMT","cache-control":"no-cache, no-store, max-age=0, must-revalidate","content-type":"application/json; charset=utf-8","vary":"X-Origin, Referer, Origin,Accept-Encoding","server":"scaffolding on HTTPServer2","x-xss-protection":"0","x-frame-options":"SAMEORIGIN","x-content-type-options":"nosniff","alt-svc":"h3-29=\":443\"; ma=2592000,h3-T051=\":443\"; ma=2592000,h3-Q050=\":443\"; ma=2592000,h3-Q046=\":443\"; ma=2592000,h3-Q043=\":443\"; ma=2592000,quic=\":443\"; ma=2592000; v=\"46,43\"","accept-ranges":"none","transfer-encoding":"chunked"}
[debug] [2021-04-19T15:51:13.022Z] >>> HTTP REQUEST GET https://firebasedatabase.googleapis.com/v1beta/projects/foodrangers-88ec9/locations/-/instances/foodrangers-88ec9-default-rtdb  
 
[debug] [2021-04-19T15:51:13.368Z] <<< HTTP RESPONSE 200 {"content-type":"application/json; charset=UTF-8","vary":"X-Origin, Referer, Origin,Accept-Encoding","date":"Mon, 19 Apr 2021 15:51:14 GMT","server":"ESF","cache-control":"private","x-xss-protection":"0","x-frame-options":"SAMEORIGIN","x-content-type-options":"nosniff","alt-svc":"h3-29=\":443\"; ma=2592000,h3-T051=\":443\"; ma=2592000,h3-Q050=\":443\"; ma=2592000,h3-Q046=\":443\"; ma=2592000,h3-Q043=\":443\"; ma=2592000,quic=\":443\"; ma=2592000; v=\"46,43\"","accept-ranges":"none","transfer-encoding":"chunked"}
[debug] [2021-04-19T15:51:13.369Z] >>> HTTP REQUEST PUT https://foodrangers-88ec9-default-rtdb.firebaseio.com/.settings/rules.json?dryRun=true  
 {
  "rules": {
    ".read": true,
    ".write": true
  }
}

[debug] [2021-04-19T15:51:14.248Z] <<< HTTP RESPONSE 200 {"server":"nginx","date":"Mon, 19 Apr 2021 15:51:15 GMT","content-type":"application/json; charset=utf-8","content-length":"15","connection":"keep-alive","access-control-allow-origin":"*","cache-control":"no-cache","strict-transport-security":"max-age=31556926; includeSubDomains; preload"}
[info] +  database: rules syntax for database foodrangers-88ec9-default-rtdb is valid 
[debug] [2021-04-19T15:51:14.250Z] >>> HTTP REQUEST GET https://appengine.googleapis.com/v1/apps/foodrangers-88ec9  
 
[debug] [2021-04-19T15:51:14.518Z] <<< HTTP RESPONSE 200 {"content-type":"application/json; charset=UTF-8","vary":"X-Origin, Referer, Origin,Accept-Encoding","date":"Mon, 19 Apr 2021 15:51:15 GMT","server":"ESF","cache-control":"private","x-xss-protection":"0","x-frame-options":"SAMEORIGIN","x-content-type-options":"nosniff","alt-svc":"h3-29=\":443\"; ma=2592000,h3-T051=\":443\"; ma=2592000,h3-Q050=\":443\"; ma=2592000,h3-Q046=\":443\"; ma=2592000,h3-Q043=\":443\"; ma=2592000,quic=\":443\"; ma=2592000; v=\"46,43\"","accept-ranges":"none","transfer-encoding":"chunked"}
[info] i  firebase.storage: checking storage.rules for compilation errors... 
[debug] [2021-04-19T15:51:14.520Z] >>> HTTP REQUEST POST https://firebaserules.googleapis.com/v1/projects/foodrangers-88ec9:test  
 {"source":{"files":[{"name":"storage.rules","content":"rules_version = '2';\r\nservice firebase.storage {\r\n  match /b/{bucket}/o {\r\n    match /{allPaths=**} {\r\n      allow read, write: if request.auth!=null;\r\n    }\r\n  }\r\n}\r\n"}]}}
[debug] [2021-04-19T15:51:15.809Z] <<< HTTP RESPONSE 200 {"content-type":"application/json; charset=UTF-8","vary":"X-Origin, Referer, Origin,Accept-Encoding","date":"Mon, 19 Apr 2021 15:51:16 GMT","server":"ESF","cache-control":"private","x-xss-protection":"0","x-frame-options":"SAMEORIGIN","x-content-type-options":"nosniff","alt-svc":"h3-29=\":443\"; ma=2592000,h3-T051=\":443\"; ma=2592000,h3-Q050=\":443\"; ma=2592000,h3-Q046=\":443\"; ma=2592000,h3-Q043=\":443\"; ma=2592000,quic=\":443\"; ma=2592000; v=\"46,43\"","accept-ranges":"none","transfer-encoding":"chunked"}
[info] +  firebase.storage: rules file storage.rules compiled successfully 
[info] i  firestore: reading indexes from firestore.indexes.json... 
[info] i  cloud.firestore: checking firestore.rules for compilation errors... 
[debug] [2021-04-19T15:51:15.818Z] >>> HTTP REQUEST POST https://firebaserules.googleapis.com/v1/projects/foodrangers-88ec9:test  
 {"source":{"files":[{"name":"firestore.rules","content":"rules_version = '2';\r\nservice cloud.firestore {\r\n  match /databases/{database}/documents {\r\n     match /roles/{uid} {\r\n      allow read, write: if request.auth.token.admin == true\r\n    }\r\n    match /{document=**} {\r\n      allow read, write;\r\n    }\r\n  }\r\n}\r\n"}]}}
[debug] [2021-04-19T15:51:17.182Z] <<< HTTP RESPONSE 200 {"content-type":"application/json; charset=UTF-8","vary":"X-Origin, Referer, Origin,Accept-Encoding","date":"Mon, 19 Apr 2021 15:51:18 GMT","server":"ESF","cache-control":"private","x-xss-protection":"0","x-frame-options":"SAMEORIGIN","x-content-type-options":"nosniff","alt-svc":"h3-29=\":443\"; ma=2592000,h3-T051=\":443\"; ma=2592000,h3-Q050=\":443\"; ma=2592000,h3-Q046=\":443\"; ma=2592000,h3-Q043=\":443\"; ma=2592000,quic=\":443\"; ma=2592000; v=\"46,43\"","accept-ranges":"none","transfer-encoding":"chunked"}
[info] +  cloud.firestore: rules file firestore.rules compiled successfully 
[info] i  functions: ensuring required API cloudfunctions.googleapis.com is enabled... 
[info] i  functions: ensuring required API cloudbuild.googleapis.com is enabled... 
[debug] [2021-04-19T15:51:18.153Z] >>> HTTP REQUEST GET https://serviceusage.googleapis.com/v1/projects/foodrangers-88ec9/services/cloudfunctions.googleapis.com  
 
[debug] [2021-04-19T15:51:18.153Z] >>> HTTP REQUEST GET https://serviceusage.googleapis.com/v1/projects/foodrangers-88ec9/services/runtimeconfig.googleapis.com  
 
[debug] [2021-04-19T15:51:18.153Z] >>> HTTP REQUEST GET https://serviceusage.googleapis.com/v1/projects/foodrangers-88ec9/services/cloudbuild.googleapis.com  
 
[debug] [2021-04-19T15:51:19.494Z] <<< HTTP RESPONSE 200 {"content-type":"application/json; charset=UTF-8","vary":"X-Origin, Referer, Origin,Accept-Encoding","date":"Mon, 19 Apr 2021 15:51:20 GMT","server":"ESF","cache-control":"private","x-xss-protection":"0","x-frame-options":"SAMEORIGIN","x-content-type-options":"nosniff","alt-svc":"h3-29=\":443\"; ma=2592000,h3-T051=\":443\"; ma=2592000,h3-Q050=\":443\"; ma=2592000,h3-Q046=\":443\"; ma=2592000,h3-Q043=\":443\"; ma=2592000,quic=\":443\"; ma=2592000; v=\"46,43\"","accept-ranges":"none","transfer-encoding":"chunked"}
[info] +  functions: required API cloudbuild.googleapis.com is enabled 
[debug] [2021-04-19T15:51:19.524Z] <<< HTTP RESPONSE 200 {"content-type":"application/json; charset=UTF-8","vary":"X-Origin, Referer, Origin,Accept-Encoding","date":"Mon, 19 Apr 2021 15:51:20 GMT","server":"ESF","cache-control":"private","x-xss-protection":"0","x-frame-options":"SAMEORIGIN","x-content-type-options":"nosniff","alt-svc":"h3-29=\":443\"; ma=2592000,h3-T051=\":443\"; ma=2592000,h3-Q050=\":443\"; ma=2592000,h3-Q046=\":443\"; ma=2592000,h3-Q043=\":443\"; ma=2592000,quic=\":443\"; ma=2592000; v=\"46,43\"","accept-ranges":"none","transfer-encoding":"chunked"}
[info] +  functions: required API cloudfunctions.googleapis.com is enabled 
[debug] [2021-04-19T15:51:19.542Z] <<< HTTP RESPONSE 200 {"content-type":"application/json; charset=UTF-8","vary":"X-Origin, Referer, Origin,Accept-Encoding","date":"Mon, 19 Apr 2021 15:51:20 GMT","server":"ESF","cache-control":"private","x-xss-protection":"0","x-frame-options":"SAMEORIGIN","x-content-type-options":"nosniff","alt-svc":"h3-29=\":443\"; ma=2592000,h3-T051=\":443\"; ma=2592000,h3-Q050=\":443\"; ma=2592000,h3-Q046=\":443\"; ma=2592000,h3-Q043=\":443\"; ma=2592000,quic=\":443\"; ma=2592000; v=\"46,43\"","accept-ranges":"none","transfer-encoding":"chunked"}
[debug] [2021-04-19T15:51:19.543Z] >>> HTTP REQUEST GET https://firebase.googleapis.com/v1beta1/projects/foodrangers-88ec9/adminSdkConfig  
 
[debug] [2021-04-19T15:51:20.196Z] <<< HTTP RESPONSE 200 {"content-type":"application/json; charset=UTF-8","vary":"X-Origin, Referer, Origin,Accept-Encoding","date":"Mon, 19 Apr 2021 15:51:21 GMT","server":"ESF","cache-control":"private","x-xss-protection":"0","x-frame-options":"SAMEORIGIN","x-content-type-options":"nosniff","alt-svc":"h3-29=\":443\"; ma=2592000,h3-T051=\":443\"; ma=2592000,h3-Q050=\":443\"; ma=2592000,h3-Q046=\":443\"; ma=2592000,h3-Q043=\":443\"; ma=2592000,quic=\":443\"; ma=2592000; v=\"46,43\"","accept-ranges":"none","transfer-encoding":"chunked"}
[info] i  functions: preparing functions directory for uploading... 
[debug] [2021-04-19T15:51:20.198Z] >>> HTTP REQUEST GET https://runtimeconfig.googleapis.com/v1beta1/projects/foodrangers-88ec9/configs  
 
[debug] [2021-04-19T15:51:20.752Z] <<< HTTP RESPONSE 200 {"content-type":"application/json; charset=UTF-8","vary":"X-Origin, Referer, Origin,Accept-Encoding","date":"Mon, 19 Apr 2021 15:51:21 GMT","server":"ESF","cache-control":"private","x-xss-protection":"0","x-frame-options":"SAMEORIGIN","x-content-type-options":"nosniff","alt-svc":"h3-29=\":443\"; ma=2592000,h3-T051=\":443\"; ma=2592000,h3-Q050=\":443\"; ma=2592000,h3-Q046=\":443\"; ma=2592000,h3-Q043=\":443\"; ma=2592000,quic=\":443\"; ma=2592000; v=\"46,43\"","accept-ranges":"none","transfer-encoding":"chunked"}
[info] i  functions: packaged functions (21.41 KB) for uploading 
[debug] [2021-04-19T15:51:21.134Z] > [functions] package.json contents: {
  "name": "functions",
  "description": "Cloud Functions for Firebase",
  "scripts": {
    "serve": "firebase emulators:start --only functions",
    "shell": "firebase functions:shell",
    "start": "npm run shell",
    "deploy": "firebase deploy --only functions",
    "logs": "firebase functions:log"
  },
  "engines": {
    "node": "12"
  },
  "main": "index.js",
  "dependencies": {
    "firebase-admin": "^9.2.0",
    "firebase-functions": "^3.11.0"
  },
  "devDependencies": {
    "firebase-functions-test": "^0.2.0"
  },
  "private": true
}
[debug] [2021-04-19T15:51:21.134Z] >>> HTTP REQUEST GET https://cloudfunctions.googleapis.com/v1/projects/foodrangers-88ec9/locations/-/functions  
 
[debug] [2021-04-19T15:51:21.706Z] <<< HTTP RESPONSE 200 {"content-type":"application/json; charset=UTF-8","vary":"X-Origin, Referer, Origin,Accept-Encoding","date":"Mon, 19 Apr 2021 15:51:22 GMT","server":"ESF","cache-control":"private","x-xss-protection":"0","x-frame-options":"SAMEORIGIN","x-content-type-options":"nosniff","alt-svc":"h3-29=\":443\"; ma=2592000,h3-T051=\":443\"; ma=2592000,h3-Q050=\":443\"; ma=2592000,h3-Q046=\":443\"; ma=2592000,h3-Q043=\":443\"; ma=2592000,quic=\":443\"; ma=2592000; v=\"46,43\"","accept-ranges":"none","transfer-encoding":"chunked"}
[debug] [2021-04-19T15:51:21.708Z] >>> HTTP REQUEST POST https://firebasehosting.googleapis.com/v1beta1/sites/foodrangers-88ec9/versions  
 {"config":{"rewrites":[{"glob":"**","path":"/index.html"}]},"labels":{"deployment-tool":"cli-firebase"}}
[debug] [2021-04-19T15:51:23.194Z] <<< HTTP RESPONSE 200 {"content-type":"application/json; charset=UTF-8","vary":"X-Origin, Referer, Origin,Accept-Encoding","date":"Mon, 19 Apr 2021 15:51:24 GMT","server":"ESF","cache-control":"private","x-xss-protection":"0","x-frame-options":"SAMEORIGIN","x-content-type-options":"nosniff","alt-svc":"h3-29=\":443\"; ma=2592000,h3-T051=\":443\"; ma=2592000,h3-Q050=\":443\"; ma=2592000,h3-Q046=\":443\"; ma=2592000,h3-Q043=\":443\"; ma=2592000,quic=\":443\"; ma=2592000; v=\"46,43\"","accept-ranges":"none","transfer-encoding":"chunked"}
[debug] [2021-04-19T15:51:23.194Z] > refreshing access token with scopes: []
[debug] [2021-04-19T15:51:23.195Z] >>> HTTP REQUEST POST https://www.googleapis.com/oauth2/v3/token  
 <request body omitted>
[debug] [2021-04-19T15:51:23.395Z] <<< HTTP RESPONSE 200 {"date":"Mon, 19 Apr 2021 15:51:24 GMT","pragma":"no-cache","expires":"Mon, 01 Jan 1990 00:00:00 GMT","cache-control":"no-cache, no-store, max-age=0, must-revalidate","content-type":"application/json; charset=utf-8","vary":"X-Origin, Referer, Origin,Accept-Encoding","server":"scaffolding on HTTPServer2","x-xss-protection":"0","x-frame-options":"SAMEORIGIN","x-content-type-options":"nosniff","alt-svc":"h3-29=\":443\"; ma=2592000,h3-T051=\":443\"; ma=2592000,h3-Q050=\":443\"; ma=2592000,h3-Q046=\":443\"; ma=2592000,h3-Q043=\":443\"; ma=2592000,quic=\":443\"; ma=2592000; v=\"46,43\"","accept-ranges":"none","transfer-encoding":"chunked"}
[debug] [2021-04-19T15:51:23.410Z] >>> [apiv2][query] GET https://firebase.googleapis.com/v1beta1/projects/foodrangers-88ec9 [none]
[debug] [2021-04-19T15:51:23.825Z] <<< [apiv2][status] GET https://firebase.googleapis.com/v1beta1/projects/foodrangers-88ec9 200
[debug] [2021-04-19T15:51:23.825Z] <<< [apiv2][body] GET https://firebase.googleapis.com/v1beta1/projects/foodrangers-88ec9 {"projectId":"foodrangers-88ec9","projectNumber":"1053913085927","displayName":"FoodRangers","name":"projects/foodrangers-88ec9","resources":{"hostingSite":"foodrangers-88ec9","realtimeDatabaseInstance":"foodrangers-88ec9-default-rtdb","storageBucket":"foodrangers-88ec9.appspot.com","locationId":"asia-southeast2"},"state":"ACTIVE"}
[debug] [2021-04-19T15:51:23.826Z] > refreshing access token with scopes: ["email","https://www.googleapis.com/auth/cloud-platform","https://www.googleapis.com/auth/cloudplatformprojects.readonly","https://www.googleapis.com/auth/firebase","openid"]
[debug] [2021-04-19T15:51:23.826Z] >>> HTTP REQUEST POST https://www.googleapis.com/oauth2/v3/token  
 <request body omitted>
[debug] [2021-04-19T15:51:24.037Z] <<< HTTP RESPONSE 200 {"cache-control":"no-cache, no-store, max-age=0, must-revalidate","expires":"Mon, 01 Jan 1990 00:00:00 GMT","date":"Mon, 19 Apr 2021 15:51:25 GMT","pragma":"no-cache","content-type":"application/json; charset=utf-8","vary":"X-Origin, Referer, Origin,Accept-Encoding","server":"scaffolding on HTTPServer2","x-xss-protection":"0","x-frame-options":"SAMEORIGIN","x-content-type-options":"nosniff","alt-svc":"h3-29=\":443\"; ma=2592000,h3-T051=\":443\"; ma=2592000,h3-Q050=\":443\"; ma=2592000,h3-Q046=\":443\"; ma=2592000,h3-Q043=\":443\"; ma=2592000,quic=\":443\"; ma=2592000; v=\"46,43\"","accept-ranges":"none","transfer-encoding":"chunked"}
[debug] [2021-04-19T15:51:24.048Z] >>> HTTP REQUEST GET https://firebaseremoteconfig.googleapis.com/v1/projects/1053913085927/remoteConfig  
 
[debug] [2021-04-19T15:51:24.596Z] <<< HTTP RESPONSE 200 {"etag":"etag-1053913085927-11","content-type":"application/json; charset=UTF-8","vary":"Origin, X-Origin, Referer","content-encoding":"gzip","date":"Mon, 19 Apr 2021 15:51:25 GMT","server":"ESF","cache-control":"private","x-xss-protection":"0","x-frame-options":"SAMEORIGIN","x-content-type-options":"nosniff","alt-svc":"h3-29=\":443\"; ma=2592000,h3-T051=\":443\"; ma=2592000,h3-Q050=\":443\"; ma=2592000,h3-Q046=\":443\"; ma=2592000,h3-Q043=\":443\"; ma=2592000,quic=\":443\"; ma=2592000; v=\"46,43\"","transfer-encoding":"chunked"}
[debug] [2021-04-19T15:51:24.598Z] >>> HTTP REQUEST GET https://firebaserules.googleapis.com/v1/projects/foodrangers-88ec9/releases?pageSize=10&pageToken=  
 
[debug] [2021-04-19T15:51:25.996Z] <<< HTTP RESPONSE 200 {"content-type":"application/json; charset=UTF-8","vary":"X-Origin, Referer, Origin,Accept-Encoding","date":"Mon, 19 Apr 2021 15:51:27 GMT","server":"ESF","cache-control":"private","x-xss-protection":"0","x-frame-options":"SAMEORIGIN","x-content-type-options":"nosniff","alt-svc":"h3-29=\":443\"; ma=2592000,h3-T051=\":443\"; ma=2592000,h3-Q050=\":443\"; ma=2592000,h3-Q046=\":443\"; ma=2592000,h3-Q043=\":443\"; ma=2592000,quic=\":443\"; ma=2592000; v=\"46,43\"","accept-ranges":"none","transfer-encoding":"chunked"}
[debug] [2021-04-19T15:51:26.000Z] >>> HTTP REQUEST GET https://firebaserules.googleapis.com/v1/projects/foodrangers-88ec9/rulesets/c9492f7b-0ba6-4cb2-8707-c46bb500fad6  
 
[debug] [2021-04-19T15:51:27.366Z] <<< HTTP RESPONSE 200 {"content-type":"application/json; charset=UTF-8","vary":"X-Origin, Referer, Origin,Accept-Encoding","date":"Mon, 19 Apr 2021 15:51:28 GMT","server":"ESF","cache-control":"private","x-xss-protection":"0","x-frame-options":"SAMEORIGIN","x-content-type-options":"nosniff","alt-svc":"h3-29=\":443\"; ma=2592000,h3-T051=\":443\"; ma=2592000,h3-Q050=\":443\"; ma=2592000,h3-Q046=\":443\"; ma=2592000,h3-Q043=\":443\"; ma=2592000,quic=\":443\"; ma=2592000; v=\"46,43\"","accept-ranges":"none","transfer-encoding":"chunked"}
[info] i  storage: latest version of storage.rules already up to date, skipping upload... 
[debug] [2021-04-19T15:51:27.375Z] >>> HTTP REQUEST GET https://firebaserules.googleapis.com/v1/projects/foodrangers-88ec9/releases?pageSize=10&pageToken=  
 
[debug] [2021-04-19T15:51:27.376Z] >>> HTTP REQUEST GET https://firestore.googleapis.com/v1/projects/foodrangers-88ec9/databases/(default)/collectionGroups/-/indexes  
 
[debug] [2021-04-19T15:51:27.571Z] <<< HTTP RESPONSE 200 {"content-type":"application/json; charset=UTF-8","vary":"X-Origin, Referer, Origin,Accept-Encoding","date":"Mon, 19 Apr 2021 15:51:28 GMT","server":"ESF","cache-control":"private","x-xss-protection":"0","x-frame-options":"SAMEORIGIN","x-content-type-options":"nosniff","alt-svc":"h3-29=\":443\"; ma=2592000,h3-T051=\":443\"; ma=2592000,h3-Q050=\":443\"; ma=2592000,h3-Q046=\":443\"; ma=2592000,h3-Q043=\":443\"; ma=2592000,quic=\":443\"; ma=2592000; v=\"46,43\"","accept-ranges":"none","transfer-encoding":"chunked"}
[debug] [2021-04-19T15:51:27.574Z] >>> HTTP REQUEST GET https://firestore.googleapis.com/v1/projects/foodrangers-88ec9/databases/(default)/collectionGroups/-/fields?filter=indexConfig.usesAncestorConfig=false  
 
[debug] [2021-04-19T15:51:27.898Z] <<< HTTP RESPONSE 200 {"content-type":"application/json; charset=UTF-8","vary":"X-Origin, Referer, Origin,Accept-Encoding","date":"Mon, 19 Apr 2021 15:51:29 GMT","server":"ESF","cache-control":"private","x-xss-protection":"0","x-frame-options":"SAMEORIGIN","x-content-type-options":"nosniff","alt-svc":"h3-29=\":443\"; ma=2592000,h3-T051=\":443\"; ma=2592000,h3-Q050=\":443\"; ma=2592000,h3-Q046=\":443\"; ma=2592000,h3-Q043=\":443\"; ma=2592000,quic=\":443\"; ma=2592000; v=\"46,43\"","accept-ranges":"none","transfer-encoding":"chunked"}
[info] +  firestore: deployed indexes in firestore.indexes.json successfully 
[debug] [2021-04-19T15:51:28.760Z] <<< HTTP RESPONSE 200 {"content-type":"application/json; charset=UTF-8","vary":"X-Origin, Referer, Origin,Accept-Encoding","date":"Mon, 19 Apr 2021 15:51:29 GMT","server":"ESF","cache-control":"private","x-xss-protection":"0","x-frame-options":"SAMEORIGIN","x-content-type-options":"nosniff","alt-svc":"h3-29=\":443\"; ma=2592000,h3-T051=\":443\"; ma=2592000,h3-Q050=\":443\"; ma=2592000,h3-Q046=\":443\"; ma=2592000,h3-Q043=\":443\"; ma=2592000,quic=\":443\"; ma=2592000; v=\"46,43\"","accept-ranges":"none","transfer-encoding":"chunked"}
[debug] [2021-04-19T15:51:28.760Z] >>> HTTP REQUEST GET https://firebaserules.googleapis.com/v1/projects/foodrangers-88ec9/rulesets/3f341355-c0fb-49c5-8379-c9260bd156b3  
 
[debug] [2021-04-19T15:51:30.124Z] <<< HTTP RESPONSE 200 {"content-type":"application/json; charset=UTF-8","vary":"X-Origin, Referer, Origin,Accept-Encoding","date":"Mon, 19 Apr 2021 15:51:31 GMT","server":"ESF","cache-control":"private","x-xss-protection":"0","x-frame-options":"SAMEORIGIN","x-content-type-options":"nosniff","alt-svc":"h3-29=\":443\"; ma=2592000,h3-T051=\":443\"; ma=2592000,h3-Q050=\":443\"; ma=2592000,h3-Q046=\":443\"; ma=2592000,h3-Q043=\":443\"; ma=2592000,quic=\":443\"; ma=2592000; v=\"46,43\"","accept-ranges":"none","transfer-encoding":"chunked"}
[info] i  firestore: latest version of firestore.rules already up to date, skipping upload... 
[debug] [2021-04-19T15:51:30.132Z] >>> HTTP REQUEST POST https://cloudfunctions.googleapis.com/v1/projects/foodrangers-88ec9/locations/us-central1/functions:generateUploadUrl  
 
[debug] [2021-04-19T15:51:30.960Z] <<< HTTP RESPONSE 200 {"content-type":"application/json; charset=UTF-8","vary":"X-Origin, Referer, Origin,Accept-Encoding","date":"Mon, 19 Apr 2021 15:51:32 GMT","server":"ESF","cache-control":"private","x-xss-protection":"0","x-frame-options":"SAMEORIGIN","x-content-type-options":"nosniff","alt-svc":"h3-29=\":443\"; ma=2592000,h3-T051=\":443\"; ma=2592000,h3-Q050=\":443\"; ma=2592000,h3-Q046=\":443\"; ma=2592000,h3-Q043=\":443\"; ma=2592000,quic=\":443\"; ma=2592000; v=\"46,43\"","accept-ranges":"none","transfer-encoding":"chunked"}
[debug] [2021-04-19T15:51:30.962Z] >>> HTTP REQUEST PUT https://storage.googleapis.com/gcf-upload-us-central1-d9ff84a8-c2bf-4ab0-acd2-93480da5cf8a/176fa775-9ca9-433c-9c3b-90fc4f0f3b00.zip?GoogleAccessId=service-1053913085927@gcf-admin-robot.iam.gserviceaccount.com&Expires=1618849292&Signature=TwLyYYt1t7TwAqu%2FwhkVEtYHQKvRu%2B9lIEaNCU8qAW4iqj5%2BAZPVMeRG2wezVXYzBcbuk4LrpNroskxaKdf2Go5%2FaBz3gfB8q9WAvUhUNYsrtkMGsMKY%2BLT7DxaC%2F8VdKSes8wwRAXJeR5jWtZ3k0sRl1h%2FqpK9H4dsCJO6P87WatnD30YUKzMlK7NqqW%2BquCC10ec5WQloDZC7izCbX%2F4YtrkRWyStcRi6CfwDiLjgn13fAt%2BgjFgWan1YSfgUJjbOrFLGLHp08mnh98oeYCOeIy%2FMUB4lxt4PJrmlxvdax6DRt3SezuMZgdXCdejvLmRg9%2FyEm4rQTKbFDzevMEg%3D%3D  
 <request body omitted>
[debug] [2021-04-19T15:51:31.290Z] <<< HTTP RESPONSE 200 {"x-guploader-uploadid":"ABg5-UzR2YPusxp2teIW1x9i38SCxGD7W3tvxyZncY-R2BIY3LyxYn2ORHZ92Qgr_ldy10IVxq_LwLa00DRAFtiqtPQj6djdkA","etag":"\"f4370bbcefa6359c2a257fb446a32392\"","x-goog-generation":"1618847492448799","x-goog-metageneration":"1","x-goog-hash":"crc32c=epzgRw==, md5=9DcLvO+mNZwqJX+0RqMjkg==","x-goog-stored-content-length":"21924","x-goog-stored-content-encoding":"identity","vary":"Origin","content-length":"0","date":"Mon, 19 Apr 2021 15:51:32 GMT","server":"UploadServer","content-type":"text/html; charset=UTF-8","alt-svc":"h3-29=\":443\"; ma=2592000,h3-T051=\":443\"; ma=2592000,h3-Q050=\":443\"; ma=2592000,h3-Q046=\":443\"; ma=2592000,h3-Q043=\":443\"; ma=2592000,quic=\":443\"; ma=2592000; v=\"46,43\""}
[info] +  functions: functions folder uploaded successfully 
[info] i  hosting[foodrangers-88ec9]: beginning deploy... 
[info] i  hosting[foodrangers-88ec9]: found 11 files in dist 
[debug] [2021-04-19T15:51:34.162Z] > refreshing access token with scopes: []
[debug] [2021-04-19T15:51:34.162Z] >>> HTTP REQUEST POST https://www.googleapis.com/oauth2/v3/token  
 <request body omitted>
[debug] [2021-04-19T15:51:34.164Z] [hosting] hash cache [ZGlzdA] stored for 11 files
[debug] [2021-04-19T15:51:34.164Z] [hosting][hash queue][FINAL] {"max":2846,"min":5,"avg":304,"active":0,"complete":11,"success":11,"errored":0,"retried":0,"total":11,"elapsed":2852}
[debug] [2021-04-19T15:51:34.396Z] <<< HTTP RESPONSE 200 {"cache-control":"no-cache, no-store, max-age=0, must-revalidate","pragma":"no-cache","expires":"Mon, 01 Jan 1990 00:00:00 GMT","date":"Mon, 19 Apr 2021 15:51:35 GMT","content-type":"application/json; charset=utf-8","vary":"X-Origin, Referer, Origin,Accept-Encoding","server":"scaffolding on HTTPServer2","x-xss-protection":"0","x-frame-options":"SAMEORIGIN","x-content-type-options":"nosniff","alt-svc":"h3-29=\":443\"; ma=2592000,h3-T051=\":443\"; ma=2592000,h3-Q050=\":443\"; ma=2592000,h3-Q046=\":443\"; ma=2592000,h3-Q043=\":443\"; ma=2592000,quic=\":443\"; ma=2592000; v=\"46,43\"","accept-ranges":"none","transfer-encoding":"chunked"}
[debug] [2021-04-19T15:51:34.410Z] >>> [apiv2][query] POST https://firebasehosting.googleapis.com/v1beta1/sites/foodrangers-88ec9/versions/3dabb0bfb69571a2:populateFiles [none]
[debug] [2021-04-19T15:51:34.410Z] >>> [apiv2][body] POST https://firebasehosting.googleapis.com/v1beta1/sites/foodrangers-88ec9/versions/3dabb0bfb69571a2:populateFiles {"files":{"/index.html":"cae58e16bd6982e9278467127073399b0015b812c22f198083259afec5220d40","/404.html":"3240c6b45513fdd97861a63c8ae3ef0e7d2bf1357ec632ad7e6839473710326c","/favicon.ico":"d5451f0f0f0bcbcd433bbdf4f6e7e5d89d8ecce2650649e969ccb5e5cd499ab2","/img/foodranger.57611781.png":"c70a52b174606eed493595b005d70488d66054c16565e10851748e273ff12fb5","/css/app.ceb60be7.css":"3444d4db8be3e8408cdf510769f9f510fa2e93ae1482c4b2460a64d4c708123f","/js/app.196cff5f.js":"0ff168b42b97430c716ffaf7b0dbc72d021046539cbf9a97e4e571d340e438de","/css/chunk-vendors.286b43bb.css":"476e42d8b6e7912a30a3bb2beb311f4f991860089544ef46c576a27db221c75c","/img/earth.df663d55.png":"323781adb77f1c87e403f19cfa02d7ac7f1d7303caaa121a76c8425e2c01e802","/js/app.196cff5f.js.map":"f6ab8cf474a0c3c3c400cfde41848a8d75cb33514a1e50b5877cecc9a525cc33","/js/chunk-vendors.eb42e516.js":"2e0728ad4c73b206e6a6366e076796fd7d3f3fb9e2e54172355864083c4dd95b","/js/chunk-vendors.eb42e516.js.map":"9cd4753fd7d993bc95b150ec2e62169979b0fc0060a71c9149f7540f1ea4006c"}}
[debug] [2021-04-19T15:51:35.881Z] <<< [apiv2][status] POST https://firebasehosting.googleapis.com/v1beta1/sites/foodrangers-88ec9/versions/3dabb0bfb69571a2:populateFiles 200
[debug] [2021-04-19T15:51:35.881Z] <<< [apiv2][body] POST https://firebasehosting.googleapis.com/v1beta1/sites/foodrangers-88ec9/versions/3dabb0bfb69571a2:populateFiles {"uploadRequiredHashes":["f6ab8cf474a0c3c3c400cfde41848a8d75cb33514a1e50b5877cecc9a525cc33","3444d4db8be3e8408cdf510769f9f510fa2e93ae1482c4b2460a64d4c708123f","0ff168b42b97430c716ffaf7b0dbc72d021046539cbf9a97e4e571d340e438de","2e0728ad4c73b206e6a6366e076796fd7d3f3fb9e2e54172355864083c4dd95b","cae58e16bd6982e9278467127073399b0015b812c22f198083259afec5220d40","9cd4753fd7d993bc95b150ec2e62169979b0fc0060a71c9149f7540f1ea4006c"],"uploadUrl":"https://upload-firebasehosting.googleapis.com/upload/sites/foodrangers-88ec9/versions/3dabb0bfb69571a2/files"}
[debug] [2021-04-19T15:51:35.883Z] >>> [apiv2][query] POST https://upload-firebasehosting.googleapis.com/upload/sites/foodrangers-88ec9/versions/3dabb0bfb69571a2/files/f6ab8cf474a0c3c3c400cfde41848a8d75cb33514a1e50b5877cecc9a525cc33 [none]
[debug] [2021-04-19T15:51:35.883Z] >>> [apiv2][body] POST https://upload-firebasehosting.googleapis.com/upload/sites/foodrangers-88ec9/versions/3dabb0bfb69571a2/files/f6ab8cf474a0c3c3c400cfde41848a8d75cb33514a1e50b5877cecc9a525cc33 [stream]
[debug] [2021-04-19T15:51:35.884Z] >>> [apiv2][query] POST https://upload-firebasehosting.googleapis.com/upload/sites/foodrangers-88ec9/versions/3dabb0bfb69571a2/files/3444d4db8be3e8408cdf510769f9f510fa2e93ae1482c4b2460a64d4c708123f [none]
[debug] [2021-04-19T15:51:35.884Z] >>> [apiv2][body] POST https://upload-firebasehosting.googleapis.com/upload/sites/foodrangers-88ec9/versions/3dabb0bfb69571a2/files/3444d4db8be3e8408cdf510769f9f510fa2e93ae1482c4b2460a64d4c708123f [stream]
[debug] [2021-04-19T15:51:35.885Z] >>> [apiv2][query] POST https://upload-firebasehosting.googleapis.com/upload/sites/foodrangers-88ec9/versions/3dabb0bfb69571a2/files/0ff168b42b97430c716ffaf7b0dbc72d021046539cbf9a97e4e571d340e438de [none]
[debug] [2021-04-19T15:51:35.885Z] >>> [apiv2][body] POST https://upload-firebasehosting.googleapis.com/upload/sites/foodrangers-88ec9/versions/3dabb0bfb69571a2/files/0ff168b42b97430c716ffaf7b0dbc72d021046539cbf9a97e4e571d340e438de [stream]
[debug] [2021-04-19T15:51:35.885Z] >>> [apiv2][query] POST https://upload-firebasehosting.googleapis.com/upload/sites/foodrangers-88ec9/versions/3dabb0bfb69571a2/files/2e0728ad4c73b206e6a6366e076796fd7d3f3fb9e2e54172355864083c4dd95b [none]
[debug] [2021-04-19T15:51:35.885Z] >>> [apiv2][body] POST https://upload-firebasehosting.googleapis.com/upload/sites/foodrangers-88ec9/versions/3dabb0bfb69571a2/files/2e0728ad4c73b206e6a6366e076796fd7d3f3fb9e2e54172355864083c4dd95b [stream]
[debug] [2021-04-19T15:51:35.886Z] >>> [apiv2][query] POST https://upload-firebasehosting.googleapis.com/upload/sites/foodrangers-88ec9/versions/3dabb0bfb69571a2/files/cae58e16bd6982e9278467127073399b0015b812c22f198083259afec5220d40 [none]
[debug] [2021-04-19T15:51:35.886Z] >>> [apiv2][body] POST https://upload-firebasehosting.googleapis.com/upload/sites/foodrangers-88ec9/versions/3dabb0bfb69571a2/files/cae58e16bd6982e9278467127073399b0015b812c22f198083259afec5220d40 [stream]
[debug] [2021-04-19T15:51:35.888Z] >>> [apiv2][query] POST https://upload-firebasehosting.googleapis.com/upload/sites/foodrangers-88ec9/versions/3dabb0bfb69571a2/files/9cd4753fd7d993bc95b150ec2e62169979b0fc0060a71c9149f7540f1ea4006c [none]
[debug] [2021-04-19T15:51:35.888Z] >>> [apiv2][body] POST https://upload-firebasehosting.googleapis.com/upload/sites/foodrangers-88ec9/versions/3dabb0bfb69571a2/files/9cd4753fd7d993bc95b150ec2e62169979b0fc0060a71c9149f7540f1ea4006c [stream]
[debug] [2021-04-19T15:51:35.888Z] [hosting][populate queue][FINAL] {"max":1721,"min":1721,"avg":1721,"active":0,"complete":1,"success":1,"errored":0,"retried":0,"total":1,"elapsed":1726}
[debug] [2021-04-19T15:51:35.888Z] [hosting] uploads queued: 6
[debug] [2021-04-19T15:51:39.462Z] <<< [apiv2][status] POST https://upload-firebasehosting.googleapis.com/upload/sites/foodrangers-88ec9/versions/3dabb0bfb69571a2/files/0ff168b42b97430c716ffaf7b0dbc72d021046539cbf9a97e4e571d340e438de 200
[debug] [2021-04-19T15:51:39.462Z] <<< [apiv2][body] POST https://upload-firebasehosting.googleapis.com/upload/sites/foodrangers-88ec9/versions/3dabb0bfb69571a2/files/0ff168b42b97430c716ffaf7b0dbc72d021046539cbf9a97e4e571d340e438de [stream]
[debug] [2021-04-19T15:51:39.475Z] <<< [apiv2][status] POST https://upload-firebasehosting.googleapis.com/upload/sites/foodrangers-88ec9/versions/3dabb0bfb69571a2/files/2e0728ad4c73b206e6a6366e076796fd7d3f3fb9e2e54172355864083c4dd95b 200
[debug] [2021-04-19T15:51:39.475Z] <<< [apiv2][body] POST https://upload-firebasehosting.googleapis.com/upload/sites/foodrangers-88ec9/versions/3dabb0bfb69571a2/files/2e0728ad4c73b206e6a6366e076796fd7d3f3fb9e2e54172355864083c4dd95b [stream]
[debug] [2021-04-19T15:51:39.526Z] <<< [apiv2][status] POST https://upload-firebasehosting.googleapis.com/upload/sites/foodrangers-88ec9/versions/3dabb0bfb69571a2/files/cae58e16bd6982e9278467127073399b0015b812c22f198083259afec5220d40 200
[debug] [2021-04-19T15:51:39.526Z] <<< [apiv2][body] POST https://upload-firebasehosting.googleapis.com/upload/sites/foodrangers-88ec9/versions/3dabb0bfb69571a2/files/cae58e16bd6982e9278467127073399b0015b812c22f198083259afec5220d40 [stream]
[debug] [2021-04-19T15:51:39.551Z] <<< [apiv2][status] POST https://upload-firebasehosting.googleapis.com/upload/sites/foodrangers-88ec9/versions/3dabb0bfb69571a2/files/3444d4db8be3e8408cdf510769f9f510fa2e93ae1482c4b2460a64d4c708123f 200
[debug] [2021-04-19T15:51:39.552Z] <<< [apiv2][body] POST https://upload-firebasehosting.googleapis.com/upload/sites/foodrangers-88ec9/versions/3dabb0bfb69571a2/files/3444d4db8be3e8408cdf510769f9f510fa2e93ae1482c4b2460a64d4c708123f [stream]
[debug] [2021-04-19T15:51:39.553Z] <<< [apiv2][status] POST https://upload-firebasehosting.googleapis.com/upload/sites/foodrangers-88ec9/versions/3dabb0bfb69571a2/files/f6ab8cf474a0c3c3c400cfde41848a8d75cb33514a1e50b5877cecc9a525cc33 200
[debug] [2021-04-19T15:51:39.553Z] <<< [apiv2][body] POST https://upload-firebasehosting.googleapis.com/upload/sites/foodrangers-88ec9/versions/3dabb0bfb69571a2/files/f6ab8cf474a0c3c3c400cfde41848a8d75cb33514a1e50b5877cecc9a525cc33 [stream]
[debug] [2021-04-19T15:51:42.040Z] <<< [apiv2][status] POST https://upload-firebasehosting.googleapis.com/upload/sites/foodrangers-88ec9/versions/3dabb0bfb69571a2/files/9cd4753fd7d993bc95b150ec2e62169979b0fc0060a71c9149f7540f1ea4006c 200
[debug] [2021-04-19T15:51:42.040Z] <<< [apiv2][body] POST https://upload-firebasehosting.googleapis.com/upload/sites/foodrangers-88ec9/versions/3dabb0bfb69571a2/files/9cd4753fd7d993bc95b150ec2e62169979b0fc0060a71c9149f7540f1ea4006c [stream]
[debug] [2021-04-19T15:51:42.041Z] [hosting][upload queue][FINAL] {"max":6157,"min":3581,"avg":4052.5,"active":0,"complete":6,"success":6,"errored":0,"retried":0,"total":6,"elapsed":6158}
[info] +  hosting[foodrangers-88ec9]: file upload complete 
[debug] [2021-04-19T15:51:42.044Z] [hosting] deploy completed after 10743ms
[info] i  database: releasing rules... 
[debug] [2021-04-19T15:51:42.107Z] > refreshing access token with scopes: ["email","https://www.googleapis.com/auth/cloud-platform","https://www.googleapis.com/auth/cloudplatformprojects.readonly","https://www.googleapis.com/auth/firebase","openid"]
[debug] [2021-04-19T15:51:42.108Z] >>> HTTP REQUEST POST https://www.googleapis.com/oauth2/v3/token  
 <request body omitted>
[debug] [2021-04-19T15:51:42.336Z] <<< HTTP RESPONSE 200 {"pragma":"no-cache","expires":"Mon, 01 Jan 1990 00:00:00 GMT","date":"Mon, 19 Apr 2021 15:51:43 GMT","cache-control":"no-cache, no-store, max-age=0, must-revalidate","content-type":"application/json; charset=utf-8","vary":"X-Origin, Referer, Origin,Accept-Encoding","server":"scaffolding on HTTPServer2","x-xss-protection":"0","x-frame-options":"SAMEORIGIN","x-content-type-options":"nosniff","alt-svc":"h3-29=\":443\"; ma=2592000,h3-T051=\":443\"; ma=2592000,h3-Q050=\":443\"; ma=2592000,h3-Q046=\":443\"; ma=2592000,h3-Q043=\":443\"; ma=2592000,quic=\":443\"; ma=2592000; v=\"46,43\"","accept-ranges":"none","transfer-encoding":"chunked"}
[debug] [2021-04-19T15:51:42.363Z] >>> HTTP REQUEST GET https://firebasedatabase.googleapis.com/v1beta/projects/foodrangers-88ec9/locations/-/instances/foodrangers-88ec9-default-rtdb  
 
[debug] [2021-04-19T15:51:42.857Z] <<< HTTP RESPONSE 200 {"content-type":"application/json; charset=UTF-8","vary":"X-Origin, Referer, Origin,Accept-Encoding","date":"Mon, 19 Apr 2021 15:51:44 GMT","server":"ESF","cache-control":"private","x-xss-protection":"0","x-frame-options":"SAMEORIGIN","x-content-type-options":"nosniff","alt-svc":"h3-29=\":443\"; ma=2592000,h3-T051=\":443\"; ma=2592000,h3-Q050=\":443\"; ma=2592000,h3-Q046=\":443\"; ma=2592000,h3-Q043=\":443\"; ma=2592000,quic=\":443\"; ma=2592000; v=\"46,43\"","accept-ranges":"none","transfer-encoding":"chunked"}
[debug] [2021-04-19T15:51:42.861Z] >>> HTTP REQUEST PUT https://foodrangers-88ec9-default-rtdb.firebaseio.com/.settings/rules.json  
 {
  "rules": {
    ".read": true,
    ".write": true
  }
}

[debug] [2021-04-19T15:51:43.554Z] <<< HTTP RESPONSE 200 {"server":"nginx","date":"Mon, 19 Apr 2021 15:51:44 GMT","content-type":"application/json; charset=utf-8","content-length":"15","connection":"keep-alive","access-control-allow-origin":"*","cache-control":"no-cache","strict-transport-security":"max-age=31556926; includeSubDomains; preload"}
[info] +  database: rules for database foodrangers-88ec9-default-rtdb released successfully 
[debug] [2021-04-19T15:51:43.560Z] [rules] releasing firebase.storage/foodrangers-88ec9.appspot.com with ruleset projects/foodrangers-88ec9/rulesets/c9492f7b-0ba6-4cb2-8707-c46bb500fad6
[debug] [2021-04-19T15:51:43.561Z] >>> HTTP REQUEST PATCH https://firebaserules.googleapis.com/v1/projects/foodrangers-88ec9/releases/firebase.storage/foodrangers-88ec9.appspot.com  
 {"release":{"name":"projects/foodrangers-88ec9/releases/firebase.storage/foodrangers-88ec9.appspot.com","rulesetName":"projects/foodrangers-88ec9/rulesets/c9492f7b-0ba6-4cb2-8707-c46bb500fad6"}}
[debug] [2021-04-19T15:51:44.957Z] <<< HTTP RESPONSE 200 {"content-type":"application/json; charset=UTF-8","vary":"X-Origin, Referer, Origin,Accept-Encoding","date":"Mon, 19 Apr 2021 15:51:46 GMT","server":"ESF","cache-control":"private","x-xss-protection":"0","x-frame-options":"SAMEORIGIN","x-content-type-options":"nosniff","alt-svc":"h3-29=\":443\"; ma=2592000,h3-T051=\":443\"; ma=2592000,h3-Q050=\":443\"; ma=2592000,h3-Q046=\":443\"; ma=2592000,h3-Q043=\":443\"; ma=2592000,quic=\":443\"; ma=2592000; v=\"46,43\"","accept-ranges":"none","transfer-encoding":"chunked"}
[debug] [2021-04-19T15:51:44.957Z] [rules] updated release projects/foodrangers-88ec9/releases/firebase.storage/foodrangers-88ec9.appspot.com
[info] +  storage: released rules storage.rules to firebase.storage 
[debug] [2021-04-19T15:51:44.958Z] [rules] releasing cloud.firestore with ruleset projects/foodrangers-88ec9/rulesets/3f341355-c0fb-49c5-8379-c9260bd156b3
[debug] [2021-04-19T15:51:44.958Z] >>> HTTP REQUEST PATCH https://firebaserules.googleapis.com/v1/projects/foodrangers-88ec9/releases/cloud.firestore  
 {"release":{"name":"projects/foodrangers-88ec9/releases/cloud.firestore","rulesetName":"projects/foodrangers-88ec9/rulesets/3f341355-c0fb-49c5-8379-c9260bd156b3"}}
[debug] [2021-04-19T15:51:46.358Z] <<< HTTP RESPONSE 200 {"content-type":"application/json; charset=UTF-8","vary":"X-Origin, Referer, Origin,Accept-Encoding","date":"Mon, 19 Apr 2021 15:51:47 GMT","server":"ESF","cache-control":"private","x-xss-protection":"0","x-frame-options":"SAMEORIGIN","x-content-type-options":"nosniff","alt-svc":"h3-29=\":443\"; ma=2592000,h3-T051=\":443\"; ma=2592000,h3-Q050=\":443\"; ma=2592000,h3-Q046=\":443\"; ma=2592000,h3-Q043=\":443\"; ma=2592000,quic=\":443\"; ma=2592000; v=\"46,43\"","accept-ranges":"none","transfer-encoding":"chunked"}
[debug] [2021-04-19T15:51:46.359Z] [rules] updated release projects/foodrangers-88ec9/releases/cloud.firestore
[info] +  firestore: released rules firestore.rules to cloud.firestore 
[info] i  functions: updating Node.js 12 function AddUserRole(us-central1)... 
[debug] [2021-04-19T15:51:46.372Z] >>> HTTP REQUEST PATCH https://cloudfunctions.googleapis.com/v1/projects/foodrangers-88ec9/locations/us-central1/functions/AddUserRole {"updateMask":"sourceUploadUrl,name,labels,runtime,environmentVariables,eventTrigger.resource,eventTrigger.eventType,eventTrigger.service,eventTrigger.failurePolicy"} 
 {"sourceUploadUrl":"https://storage.googleapis.com/gcf-upload-us-central1-d9ff84a8-c2bf-4ab0-acd2-93480da5cf8a/176fa775-9ca9-433c-9c3b-90fc4f0f3b00.zip?GoogleAccessId=service-1053913085927@gcf-admin-robot.iam.gserviceaccount.com&Expires=1618849292&Signature=TwLyYYt1t7TwAqu%2FwhkVEtYHQKvRu%2B9lIEaNCU8qAW4iqj5%2BAZPVMeRG2wezVXYzBcbuk4LrpNroskxaKdf2Go5%2FaBz3gfB8q9WAvUhUNYsrtkMGsMKY%2BLT7DxaC%2F8VdKSes8wwRAXJeR5jWtZ3k0sRl1h%2FqpK9H4dsCJO6P87WatnD30YUKzMlK7NqqW%2BquCC10ec5WQloDZC7izCbX%2F4YtrkRWyStcRi6CfwDiLjgn13fAt%2BgjFgWan1YSfgUJjbOrFLGLHp08mnh98oeYCOeIy%2FMUB4lxt4PJrmlxvdax6DRt3SezuMZgdXCdejvLmRg9%2FyEm4rQTKbFDzevMEg%3D%3D","name":"projects/foodrangers-88ec9/locations/us-central1/functions/AddUserRole","labels":{"deployment-tool":"cli-firebase"},"eventTrigger":{"resource":"projects/foodrangers-88ec9","eventType":"providers/firebase.auth/eventTypes/user.create","service":"firebaseauth.googleapis.com"},"runtime":"nodejs12","environmentVariables":{"FIREBASE_CONFIG":"{\"projectId\":\"foodrangers-88ec9\",\"databaseURL\":\"https://foodrangers-88ec9-default-rtdb.firebaseio.com\",\"storageBucket\":\"foodrangers-88ec9.appspot.com\",\"locationId\":\"asia-southeast2\"}"}}
[debug] [2021-04-19T15:51:47.441Z] <<< HTTP RESPONSE 200 {"content-type":"application/json; charset=UTF-8","vary":"X-Origin, Referer, Origin,Accept-Encoding","date":"Mon, 19 Apr 2021 15:51:48 GMT","server":"ESF","cache-control":"private","x-xss-protection":"0","x-frame-options":"SAMEORIGIN","x-content-type-options":"nosniff","alt-svc":"h3-29=\":443\"; ma=2592000,h3-T051=\":443\"; ma=2592000,h3-Q050=\":443\"; ma=2592000,h3-Q046=\":443\"; ma=2592000,h3-Q043=\":443\"; ma=2592000,quic=\":443\"; ma=2592000; v=\"46,43\"","accept-ranges":"none","transfer-encoding":"chunked"}
[debug] [2021-04-19T15:51:47.444Z] > refreshing access token with scopes: []
[debug] [2021-04-19T15:51:47.445Z] >>> HTTP REQUEST POST https://www.googleapis.com/oauth2/v3/token  
 <request body omitted>
[debug] [2021-04-19T15:51:47.673Z] <<< HTTP RESPONSE 200 {"date":"Mon, 19 Apr 2021 15:51:48 GMT","pragma":"no-cache","cache-control":"no-cache, no-store, max-age=0, must-revalidate","expires":"Mon, 01 Jan 1990 00:00:00 GMT","content-type":"application/json; charset=utf-8","vary":"X-Origin, Referer, Origin,Accept-Encoding","server":"scaffolding on HTTPServer2","x-xss-protection":"0","x-frame-options":"SAMEORIGIN","x-content-type-options":"nosniff","alt-svc":"h3-29=\":443\"; ma=2592000,h3-T051=\":443\"; ma=2592000,h3-Q050=\":443\"; ma=2592000,h3-Q046=\":443\"; ma=2592000,h3-Q043=\":443\"; ma=2592000,quic=\":443\"; ma=2592000; v=\"46,43\"","accept-ranges":"none","transfer-encoding":"chunked"}
[debug] [2021-04-19T15:51:47.695Z] >>> [apiv2][query] GET https://cloudfunctions.googleapis.com/v1/operations/Zm9vZHJhbmdlcnMtODhlYzkvdXMtY2VudHJhbDEvQWRkVXNlclJvbGUvSEN2Smk1RHZMc3M [none]
[debug] [2021-04-19T15:51:48.189Z] <<< [apiv2][status] GET https://cloudfunctions.googleapis.com/v1/operations/Zm9vZHJhbmdlcnMtODhlYzkvdXMtY2VudHJhbDEvQWRkVXNlclJvbGUvSEN2Smk1RHZMc3M 200
[debug] [2021-04-19T15:51:48.189Z] <<< [apiv2][body] GET https://cloudfunctions.googleapis.com/v1/operations/Zm9vZHJhbmdlcnMtODhlYzkvdXMtY2VudHJhbDEvQWRkVXNlclJvbGUvSEN2Smk1RHZMc3M {"name":"operations/Zm9vZHJhbmdlcnMtODhlYzkvdXMtY2VudHJhbDEvQWRkVXNlclJvbGUvSEN2Smk1RHZMc3M","metadata":{"@type":"type.googleapis.com/google.cloud.functions.v1.OperationMetadataV1","target":"projects/foodrangers-88ec9/locations/us-central1/functions/AddUserRole","type":"UPDATE_FUNCTION","request":{"@type":"type.googleapis.com/google.cloud.functions.v1.CloudFunction","name":"projects/foodrangers-88ec9/locations/us-central1/functions/AddUserRole","eventTrigger":{"eventType":"providers/firebase.auth/eventTypes/user.create","resource":"projects/foodrangers-88ec9","service":"firebaseauth.googleapis.com"},"status":"ACTIVE","entryPoint":"AddUserRole","timeout":"60s","availableMemoryMb":256,"serviceAccountEmail":"foodrangers-88ec9@appspot.gserviceaccount.com","updateTime":"2021-04-19T15:34:16.991Z","versionId":"12","labels":{"deployment-tool":"cli-firebase"},"sourceUploadUrl":"https://storage.googleapis.com/gcf-upload-us-central1-d9ff84a8-c2bf-4ab0-acd2-93480da5cf8a/176fa775-9ca9-433c-9c3b-90fc4f0f3b00.zip?GoogleAccessId=service-1053913085927@gcf-admin-robot.iam.gserviceaccount.com&Expires=1618849292&Signature=TwLyYYt1t7TwAqu%2FwhkVEtYHQKvRu%2B9lIEaNCU8qAW4iqj5%2BAZPVMeRG2wezVXYzBcbuk4LrpNroskxaKdf2Go5%2FaBz3gfB8q9WAvUhUNYsrtkMGsMKY%2BLT7DxaC%2F8VdKSes8wwRAXJeR5jWtZ3k0sRl1h%2FqpK9H4dsCJO6P87WatnD30YUKzMlK7NqqW%2BquCC10ec5WQloDZC7izCbX%2F4YtrkRWyStcRi6CfwDiLjgn13fAt%2BgjFgWan1YSfgUJjbOrFLGLHp08mnh98oeYCOeIy%2FMUB4lxt4PJrmlxvdax6DRt3SezuMZgdXCdejvLmRg9%2FyEm4rQTKbFDzevMEg%3D%3D","environmentVariables":{"FIREBASE_CONFIG":"{\"projectId\":\"foodrangers-88ec9\",\"databaseURL\":\"https://foodrangers-88ec9-default-rtdb.firebaseio.com\",\"storageBucket\":\"foodrangers-88ec9.appspot.com\",\"locationId\":\"asia-southeast2\"}"},"runtime":"nodejs12","ingressSettings":"ALLOW_ALL","buildId":"2c3ae18f-b287-4b93-bea6-a14ef6fb711e"},"versionId":"13","updateTime":"2021-04-19T15:51:48Z"}}
[debug] [2021-04-19T15:51:48.698Z] [update-projects/foodrangers-88ec9/locations/us-central1/functions/AddUserRole] Retrying task index 0
[debug] [2021-04-19T15:51:48.699Z] >>> [apiv2][query] GET https://cloudfunctions.googleapis.com/v1/operations/Zm9vZHJhbmdlcnMtODhlYzkvdXMtY2VudHJhbDEvQWRkVXNlclJvbGUvSEN2Smk1RHZMc3M [none]
[debug] [2021-04-19T15:51:49.173Z] <<< [apiv2][status] GET https://cloudfunctions.googleapis.com/v1/operations/Zm9vZHJhbmdlcnMtODhlYzkvdXMtY2VudHJhbDEvQWRkVXNlclJvbGUvSEN2Smk1RHZMc3M 200
[debug] [2021-04-19T15:51:49.173Z] <<< [apiv2][body] GET https://cloudfunctions.googleapis.com/v1/operations/Zm9vZHJhbmdlcnMtODhlYzkvdXMtY2VudHJhbDEvQWRkVXNlclJvbGUvSEN2Smk1RHZMc3M {"name":"operations/Zm9vZHJhbmdlcnMtODhlYzkvdXMtY2VudHJhbDEvQWRkVXNlclJvbGUvSEN2Smk1RHZMc3M","metadata":{"@type":"type.googleapis.com/google.cloud.functions.v1.OperationMetadataV1","target":"projects/foodrangers-88ec9/locations/us-central1/functions/AddUserRole","type":"UPDATE_FUNCTION","request":{"@type":"type.googleapis.com/google.cloud.functions.v1.CloudFunction","name":"projects/foodrangers-88ec9/locations/us-central1/functions/AddUserRole","eventTrigger":{"eventType":"providers/firebase.auth/eventTypes/user.create","resource":"projects/foodrangers-88ec9","service":"firebaseauth.googleapis.com"},"status":"ACTIVE","entryPoint":"AddUserRole","timeout":"60s","availableMemoryMb":256,"serviceAccountEmail":"foodrangers-88ec9@appspot.gserviceaccount.com","updateTime":"2021-04-19T15:34:16.991Z","versionId":"12","labels":{"deployment-tool":"cli-firebase"},"sourceUploadUrl":"https://storage.googleapis.com/gcf-upload-us-central1-d9ff84a8-c2bf-4ab0-acd2-93480da5cf8a/176fa775-9ca9-433c-9c3b-90fc4f0f3b00.zip?GoogleAccessId=service-1053913085927@gcf-admin-robot.iam.gserviceaccount.com&Expires=1618849292&Signature=TwLyYYt1t7TwAqu%2FwhkVEtYHQKvRu%2B9lIEaNCU8qAW4iqj5%2BAZPVMeRG2wezVXYzBcbuk4LrpNroskxaKdf2Go5%2FaBz3gfB8q9WAvUhUNYsrtkMGsMKY%2BLT7DxaC%2F8VdKSes8wwRAXJeR5jWtZ3k0sRl1h%2FqpK9H4dsCJO6P87WatnD30YUKzMlK7NqqW%2BquCC10ec5WQloDZC7izCbX%2F4YtrkRWyStcRi6CfwDiLjgn13fAt%2BgjFgWan1YSfgUJjbOrFLGLHp08mnh98oeYCOeIy%2FMUB4lxt4PJrmlxvdax6DRt3SezuMZgdXCdejvLmRg9%2FyEm4rQTKbFDzevMEg%3D%3D","environmentVariables":{"FIREBASE_CONFIG":"{\"projectId\":\"foodrangers-88ec9\",\"databaseURL\":\"https://foodrangers-88ec9-default-rtdb.firebaseio.com\",\"storageBucket\":\"foodrangers-88ec9.appspot.com\",\"locationId\":\"asia-southeast2\"}"},"runtime":"nodejs12","ingressSettings":"ALLOW_ALL","buildId":"2c3ae18f-b287-4b93-bea6-a14ef6fb711e"},"versionId":"13","updateTime":"2021-04-19T15:51:48Z","buildId":"03bfec98-24ea-49b0-b9aa-8e3e43146119"}}
[debug] [2021-04-19T15:51:50.180Z] [update-projects/foodrangers-88ec9/locations/us-central1/functions/AddUserRole] Retrying task index 0
[debug] [2021-04-19T15:51:50.180Z] >>> [apiv2][query] GET https://cloudfunctions.googleapis.com/v1/operations/Zm9vZHJhbmdlcnMtODhlYzkvdXMtY2VudHJhbDEvQWRkVXNlclJvbGUvSEN2Smk1RHZMc3M [none]
[debug] [2021-04-19T15:51:50.643Z] <<< [apiv2][status] GET https://cloudfunctions.googleapis.com/v1/operations/Zm9vZHJhbmdlcnMtODhlYzkvdXMtY2VudHJhbDEvQWRkVXNlclJvbGUvSEN2Smk1RHZMc3M 200
[debug] [2021-04-19T15:51:50.643Z] <<< [apiv2][body] GET https://cloudfunctions.googleapis.com/v1/operations/Zm9vZHJhbmdlcnMtODhlYzkvdXMtY2VudHJhbDEvQWRkVXNlclJvbGUvSEN2Smk1RHZMc3M {"name":"operations/Zm9vZHJhbmdlcnMtODhlYzkvdXMtY2VudHJhbDEvQWRkVXNlclJvbGUvSEN2Smk1RHZMc3M","metadata":{"@type":"type.googleapis.com/google.cloud.functions.v1.OperationMetadataV1","target":"projects/foodrangers-88ec9/locations/us-central1/functions/AddUserRole","type":"UPDATE_FUNCTION","request":{"@type":"type.googleapis.com/google.cloud.functions.v1.CloudFunction","name":"projects/foodrangers-88ec9/locations/us-central1/functions/AddUserRole","eventTrigger":{"eventType":"providers/firebase.auth/eventTypes/user.create","resource":"projects/foodrangers-88ec9","service":"firebaseauth.googleapis.com"},"status":"ACTIVE","entryPoint":"AddUserRole","timeout":"60s","availableMemoryMb":256,"serviceAccountEmail":"foodrangers-88ec9@appspot.gserviceaccount.com","updateTime":"2021-04-19T15:34:16.991Z","versionId":"12","labels":{"deployment-tool":"cli-firebase"},"sourceUploadUrl":"https://storage.googleapis.com/gcf-upload-us-central1-d9ff84a8-c2bf-4ab0-acd2-93480da5cf8a/176fa775-9ca9-433c-9c3b-90fc4f0f3b00.zip?GoogleAccessId=service-1053913085927@gcf-admin-robot.iam.gserviceaccount.com&Expires=1618849292&Signature=TwLyYYt1t7TwAqu%2FwhkVEtYHQKvRu%2B9lIEaNCU8qAW4iqj5%2BAZPVMeRG2wezVXYzBcbuk4LrpNroskxaKdf2Go5%2FaBz3gfB8q9WAvUhUNYsrtkMGsMKY%2BLT7DxaC%2F8VdKSes8wwRAXJeR5jWtZ3k0sRl1h%2FqpK9H4dsCJO6P87WatnD30YUKzMlK7NqqW%2BquCC10ec5WQloDZC7izCbX%2F4YtrkRWyStcRi6CfwDiLjgn13fAt%2BgjFgWan1YSfgUJjbOrFLGLHp08mnh98oeYCOeIy%2FMUB4lxt4PJrmlxvdax6DRt3SezuMZgdXCdejvLmRg9%2FyEm4rQTKbFDzevMEg%3D%3D","environmentVariables":{"FIREBASE_CONFIG":"{\"projectId\":\"foodrangers-88ec9\",\"databaseURL\":\"https://foodrangers-88ec9-default-rtdb.firebaseio.com\",\"storageBucket\":\"foodrangers-88ec9.appspot.com\",\"locationId\":\"asia-southeast2\"}"},"runtime":"nodejs12","ingressSettings":"ALLOW_ALL","buildId":"2c3ae18f-b287-4b93-bea6-a14ef6fb711e"},"versionId":"13","updateTime":"2021-04-19T15:51:48Z","buildId":"03bfec98-24ea-49b0-b9aa-8e3e43146119"}}
[debug] [2021-04-19T15:51:52.644Z] [update-projects/foodrangers-88ec9/locations/us-central1/functions/AddUserRole] Retrying task index 0
[debug] [2021-04-19T15:51:52.645Z] >>> [apiv2][query] GET https://cloudfunctions.googleapis.com/v1/operations/Zm9vZHJhbmdlcnMtODhlYzkvdXMtY2VudHJhbDEvQWRkVXNlclJvbGUvSEN2Smk1RHZMc3M [none]
[debug] [2021-04-19T15:51:53.098Z] <<< [apiv2][status] GET https://cloudfunctions.googleapis.com/v1/operations/Zm9vZHJhbmdlcnMtODhlYzkvdXMtY2VudHJhbDEvQWRkVXNlclJvbGUvSEN2Smk1RHZMc3M 200
[debug] [2021-04-19T15:51:53.099Z] <<< [apiv2][body] GET https://cloudfunctions.googleapis.com/v1/operations/Zm9vZHJhbmdlcnMtODhlYzkvdXMtY2VudHJhbDEvQWRkVXNlclJvbGUvSEN2Smk1RHZMc3M {"name":"operations/Zm9vZHJhbmdlcnMtODhlYzkvdXMtY2VudHJhbDEvQWRkVXNlclJvbGUvSEN2Smk1RHZMc3M","metadata":{"@type":"type.googleapis.com/google.cloud.functions.v1.OperationMetadataV1","target":"projects/foodrangers-88ec9/locations/us-central1/functions/AddUserRole","type":"UPDATE_FUNCTION","request":{"@type":"type.googleapis.com/google.cloud.functions.v1.CloudFunction","name":"projects/foodrangers-88ec9/locations/us-central1/functions/AddUserRole","eventTrigger":{"eventType":"providers/firebase.auth/eventTypes/user.create","resource":"projects/foodrangers-88ec9","service":"firebaseauth.googleapis.com"},"status":"ACTIVE","entryPoint":"AddUserRole","timeout":"60s","availableMemoryMb":256,"serviceAccountEmail":"foodrangers-88ec9@appspot.gserviceaccount.com","updateTime":"2021-04-19T15:34:16.991Z","versionId":"12","labels":{"deployment-tool":"cli-firebase"},"sourceUploadUrl":"https://storage.googleapis.com/gcf-upload-us-central1-d9ff84a8-c2bf-4ab0-acd2-93480da5cf8a/176fa775-9ca9-433c-9c3b-90fc4f0f3b00.zip?GoogleAccessId=service-1053913085927@gcf-admin-robot.iam.gserviceaccount.com&Expires=1618849292&Signature=TwLyYYt1t7TwAqu%2FwhkVEtYHQKvRu%2B9lIEaNCU8qAW4iqj5%2BAZPVMeRG2wezVXYzBcbuk4LrpNroskxaKdf2Go5%2FaBz3gfB8q9WAvUhUNYsrtkMGsMKY%2BLT7DxaC%2F8VdKSes8wwRAXJeR5jWtZ3k0sRl1h%2FqpK9H4dsCJO6P87WatnD30YUKzMlK7NqqW%2BquCC10ec5WQloDZC7izCbX%2F4YtrkRWyStcRi6CfwDiLjgn13fAt%2BgjFgWan1YSfgUJjbOrFLGLHp08mnh98oeYCOeIy%2FMUB4lxt4PJrmlxvdax6DRt3SezuMZgdXCdejvLmRg9%2FyEm4rQTKbFDzevMEg%3D%3D","environmentVariables":{"FIREBASE_CONFIG":"{\"projectId\":\"foodrangers-88ec9\",\"databaseURL\":\"https://foodrangers-88ec9-default-rtdb.firebaseio.com\",\"storageBucket\":\"foodrangers-88ec9.appspot.com\",\"locationId\":\"asia-southeast2\"}"},"runtime":"nodejs12","ingressSettings":"ALLOW_ALL","buildId":"2c3ae18f-b287-4b93-bea6-a14ef6fb711e"},"versionId":"13","updateTime":"2021-04-19T15:51:48Z","buildId":"03bfec98-24ea-49b0-b9aa-8e3e43146119"}}
[debug] [2021-04-19T15:51:57.109Z] [update-projects/foodrangers-88ec9/locations/us-central1/functions/AddUserRole] Retrying task index 0
[debug] [2021-04-19T15:51:57.109Z] >>> [apiv2][query] GET https://cloudfunctions.googleapis.com/v1/operations/Zm9vZHJhbmdlcnMtODhlYzkvdXMtY2VudHJhbDEvQWRkVXNlclJvbGUvSEN2Smk1RHZMc3M [none]
[debug] [2021-04-19T15:51:57.561Z] <<< [apiv2][status] GET https://cloudfunctions.googleapis.com/v1/operations/Zm9vZHJhbmdlcnMtODhlYzkvdXMtY2VudHJhbDEvQWRkVXNlclJvbGUvSEN2Smk1RHZMc3M 200
[debug] [2021-04-19T15:51:57.562Z] <<< [apiv2][body] GET https://cloudfunctions.googleapis.com/v1/operations/Zm9vZHJhbmdlcnMtODhlYzkvdXMtY2VudHJhbDEvQWRkVXNlclJvbGUvSEN2Smk1RHZMc3M {"name":"operations/Zm9vZHJhbmdlcnMtODhlYzkvdXMtY2VudHJhbDEvQWRkVXNlclJvbGUvSEN2Smk1RHZMc3M","metadata":{"@type":"type.googleapis.com/google.cloud.functions.v1.OperationMetadataV1","target":"projects/foodrangers-88ec9/locations/us-central1/functions/AddUserRole","type":"UPDATE_FUNCTION","request":{"@type":"type.googleapis.com/google.cloud.functions.v1.CloudFunction","name":"projects/foodrangers-88ec9/locations/us-central1/functions/AddUserRole","eventTrigger":{"eventType":"providers/firebase.auth/eventTypes/user.create","resource":"projects/foodrangers-88ec9","service":"firebaseauth.googleapis.com"},"status":"ACTIVE","entryPoint":"AddUserRole","timeout":"60s","availableMemoryMb":256,"serviceAccountEmail":"foodrangers-88ec9@appspot.gserviceaccount.com","updateTime":"2021-04-19T15:34:16.991Z","versionId":"12","labels":{"deployment-tool":"cli-firebase"},"sourceUploadUrl":"https://storage.googleapis.com/gcf-upload-us-central1-d9ff84a8-c2bf-4ab0-acd2-93480da5cf8a/176fa775-9ca9-433c-9c3b-90fc4f0f3b00.zip?GoogleAccessId=service-1053913085927@gcf-admin-robot.iam.gserviceaccount.com&Expires=1618849292&Signature=TwLyYYt1t7TwAqu%2FwhkVEtYHQKvRu%2B9lIEaNCU8qAW4iqj5%2BAZPVMeRG2wezVXYzBcbuk4LrpNroskxaKdf2Go5%2FaBz3gfB8q9WAvUhUNYsrtkMGsMKY%2BLT7DxaC%2F8VdKSes8wwRAXJeR5jWtZ3k0sRl1h%2FqpK9H4dsCJO6P87WatnD30YUKzMlK7NqqW%2BquCC10ec5WQloDZC7izCbX%2F4YtrkRWyStcRi6CfwDiLjgn13fAt%2BgjFgWan1YSfgUJjbOrFLGLHp08mnh98oeYCOeIy%2FMUB4lxt4PJrmlxvdax6DRt3SezuMZgdXCdejvLmRg9%2FyEm4rQTKbFDzevMEg%3D%3D","environmentVariables":{"FIREBASE_CONFIG":"{\"projectId\":\"foodrangers-88ec9\",\"databaseURL\":\"https://foodrangers-88ec9-default-rtdb.firebaseio.com\",\"storageBucket\":\"foodrangers-88ec9.appspot.com\",\"locationId\":\"asia-southeast2\"}"},"runtime":"nodejs12","ingressSettings":"ALLOW_ALL","buildId":"2c3ae18f-b287-4b93-bea6-a14ef6fb711e"},"versionId":"13","updateTime":"2021-04-19T15:51:48Z","buildId":"03bfec98-24ea-49b0-b9aa-8e3e43146119"}}
[debug] [2021-04-19T15:52:05.572Z] [update-projects/foodrangers-88ec9/locations/us-central1/functions/AddUserRole] Retrying task index 0
[debug] [2021-04-19T15:52:05.573Z] >>> [apiv2][query] GET https://cloudfunctions.googleapis.com/v1/operations/Zm9vZHJhbmdlcnMtODhlYzkvdXMtY2VudHJhbDEvQWRkVXNlclJvbGUvSEN2Smk1RHZMc3M [none]
[debug] [2021-04-19T15:52:06.057Z] <<< [apiv2][status] GET https://cloudfunctions.googleapis.com/v1/operations/Zm9vZHJhbmdlcnMtODhlYzkvdXMtY2VudHJhbDEvQWRkVXNlclJvbGUvSEN2Smk1RHZMc3M 200
[debug] [2021-04-19T15:52:06.057Z] <<< [apiv2][body] GET https://cloudfunctions.googleapis.com/v1/operations/Zm9vZHJhbmdlcnMtODhlYzkvdXMtY2VudHJhbDEvQWRkVXNlclJvbGUvSEN2Smk1RHZMc3M {"name":"operations/Zm9vZHJhbmdlcnMtODhlYzkvdXMtY2VudHJhbDEvQWRkVXNlclJvbGUvSEN2Smk1RHZMc3M","metadata":{"@type":"type.googleapis.com/google.cloud.functions.v1.OperationMetadataV1","target":"projects/foodrangers-88ec9/locations/us-central1/functions/AddUserRole","type":"UPDATE_FUNCTION","request":{"@type":"type.googleapis.com/google.cloud.functions.v1.CloudFunction","name":"projects/foodrangers-88ec9/locations/us-central1/functions/AddUserRole","eventTrigger":{"eventType":"providers/firebase.auth/eventTypes/user.create","resource":"projects/foodrangers-88ec9","service":"firebaseauth.googleapis.com"},"status":"ACTIVE","entryPoint":"AddUserRole","timeout":"60s","availableMemoryMb":256,"serviceAccountEmail":"foodrangers-88ec9@appspot.gserviceaccount.com","updateTime":"2021-04-19T15:34:16.991Z","versionId":"12","labels":{"deployment-tool":"cli-firebase"},"sourceUploadUrl":"https://storage.googleapis.com/gcf-upload-us-central1-d9ff84a8-c2bf-4ab0-acd2-93480da5cf8a/176fa775-9ca9-433c-9c3b-90fc4f0f3b00.zip?GoogleAccessId=service-1053913085927@gcf-admin-robot.iam.gserviceaccount.com&Expires=1618849292&Signature=TwLyYYt1t7TwAqu%2FwhkVEtYHQKvRu%2B9lIEaNCU8qAW4iqj5%2BAZPVMeRG2wezVXYzBcbuk4LrpNroskxaKdf2Go5%2FaBz3gfB8q9WAvUhUNYsrtkMGsMKY%2BLT7DxaC%2F8VdKSes8wwRAXJeR5jWtZ3k0sRl1h%2FqpK9H4dsCJO6P87WatnD30YUKzMlK7NqqW%2BquCC10ec5WQloDZC7izCbX%2F4YtrkRWyStcRi6CfwDiLjgn13fAt%2BgjFgWan1YSfgUJjbOrFLGLHp08mnh98oeYCOeIy%2FMUB4lxt4PJrmlxvdax6DRt3SezuMZgdXCdejvLmRg9%2FyEm4rQTKbFDzevMEg%3D%3D","environmentVariables":{"FIREBASE_CONFIG":"{\"projectId\":\"foodrangers-88ec9\",\"databaseURL\":\"https://foodrangers-88ec9-default-rtdb.firebaseio.com\",\"storageBucket\":\"foodrangers-88ec9.appspot.com\",\"locationId\":\"asia-southeast2\"}"},"runtime":"nodejs12","ingressSettings":"ALLOW_ALL","buildId":"2c3ae18f-b287-4b93-bea6-a14ef6fb711e"},"versionId":"13","updateTime":"2021-04-19T15:51:48Z","buildId":"03bfec98-24ea-49b0-b9aa-8e3e43146119"}}
[debug] [2021-04-19T15:52:22.058Z] [update-projects/foodrangers-88ec9/locations/us-central1/functions/AddUserRole] Retrying task index 0
[debug] [2021-04-19T15:52:22.058Z] >>> [apiv2][query] GET https://cloudfunctions.googleapis.com/v1/operations/Zm9vZHJhbmdlcnMtODhlYzkvdXMtY2VudHJhbDEvQWRkVXNlclJvbGUvSEN2Smk1RHZMc3M [none]
[debug] [2021-04-19T15:52:22.508Z] <<< [apiv2][status] GET https://cloudfunctions.googleapis.com/v1/operations/Zm9vZHJhbmdlcnMtODhlYzkvdXMtY2VudHJhbDEvQWRkVXNlclJvbGUvSEN2Smk1RHZMc3M 200
[debug] [2021-04-19T15:52:22.508Z] <<< [apiv2][body] GET https://cloudfunctions.googleapis.com/v1/operations/Zm9vZHJhbmdlcnMtODhlYzkvdXMtY2VudHJhbDEvQWRkVXNlclJvbGUvSEN2Smk1RHZMc3M {"name":"operations/Zm9vZHJhbmdlcnMtODhlYzkvdXMtY2VudHJhbDEvQWRkVXNlclJvbGUvSEN2Smk1RHZMc3M","metadata":{"@type":"type.googleapis.com/google.cloud.functions.v1.OperationMetadataV1","target":"projects/foodrangers-88ec9/locations/us-central1/functions/AddUserRole","type":"UPDATE_FUNCTION","request":{"@type":"type.googleapis.com/google.cloud.functions.v1.CloudFunction","name":"projects/foodrangers-88ec9/locations/us-central1/functions/AddUserRole","eventTrigger":{"eventType":"providers/firebase.auth/eventTypes/user.create","resource":"projects/foodrangers-88ec9","service":"firebaseauth.googleapis.com"},"status":"ACTIVE","entryPoint":"AddUserRole","timeout":"60s","availableMemoryMb":256,"serviceAccountEmail":"foodrangers-88ec9@appspot.gserviceaccount.com","updateTime":"2021-04-19T15:34:16.991Z","versionId":"12","labels":{"deployment-tool":"cli-firebase"},"sourceUploadUrl":"https://storage.googleapis.com/gcf-upload-us-central1-d9ff84a8-c2bf-4ab0-acd2-93480da5cf8a/176fa775-9ca9-433c-9c3b-90fc4f0f3b00.zip?GoogleAccessId=service-1053913085927@gcf-admin-robot.iam.gserviceaccount.com&Expires=1618849292&Signature=TwLyYYt1t7TwAqu%2FwhkVEtYHQKvRu%2B9lIEaNCU8qAW4iqj5%2BAZPVMeRG2wezVXYzBcbuk4LrpNroskxaKdf2Go5%2FaBz3gfB8q9WAvUhUNYsrtkMGsMKY%2BLT7DxaC%2F8VdKSes8wwRAXJeR5jWtZ3k0sRl1h%2FqpK9H4dsCJO6P87WatnD30YUKzMlK7NqqW%2BquCC10ec5WQloDZC7izCbX%2F4YtrkRWyStcRi6CfwDiLjgn13fAt%2BgjFgWan1YSfgUJjbOrFLGLHp08mnh98oeYCOeIy%2FMUB4lxt4PJrmlxvdax6DRt3SezuMZgdXCdejvLmRg9%2FyEm4rQTKbFDzevMEg%3D%3D","environmentVariables":{"FIREBASE_CONFIG":"{\"projectId\":\"foodrangers-88ec9\",\"databaseURL\":\"https://foodrangers-88ec9-default-rtdb.firebaseio.com\",\"storageBucket\":\"foodrangers-88ec9.appspot.com\",\"locationId\":\"asia-southeast2\"}"},"runtime":"nodejs12","ingressSettings":"ALLOW_ALL","buildId":"2c3ae18f-b287-4b93-bea6-a14ef6fb711e"},"versionId":"13","updateTime":"2021-04-19T15:51:48Z","buildId":"03bfec98-24ea-49b0-b9aa-8e3e43146119"}}
[debug] [2021-04-19T15:52:54.517Z] [update-projects/foodrangers-88ec9/locations/us-central1/functions/AddUserRole] Retrying task index 0
[debug] [2021-04-19T15:52:54.518Z] >>> [apiv2][query] GET https://cloudfunctions.googleapis.com/v1/operations/Zm9vZHJhbmdlcnMtODhlYzkvdXMtY2VudHJhbDEvQWRkVXNlclJvbGUvSEN2Smk1RHZMc3M [none]
[debug] [2021-04-19T15:52:55.009Z] <<< [apiv2][status] GET https://cloudfunctions.googleapis.com/v1/operations/Zm9vZHJhbmdlcnMtODhlYzkvdXMtY2VudHJhbDEvQWRkVXNlclJvbGUvSEN2Smk1RHZMc3M 200
[debug] [2021-04-19T15:52:55.010Z] <<< [apiv2][body] GET https://cloudfunctions.googleapis.com/v1/operations/Zm9vZHJhbmdlcnMtODhlYzkvdXMtY2VudHJhbDEvQWRkVXNlclJvbGUvSEN2Smk1RHZMc3M {"name":"operations/Zm9vZHJhbmdlcnMtODhlYzkvdXMtY2VudHJhbDEvQWRkVXNlclJvbGUvSEN2Smk1RHZMc3M","metadata":{"@type":"type.googleapis.com/google.cloud.functions.v1.OperationMetadataV1","target":"projects/foodrangers-88ec9/locations/us-central1/functions/AddUserRole","type":"UPDATE_FUNCTION","request":{"@type":"type.googleapis.com/google.cloud.functions.v1.CloudFunction","name":"projects/foodrangers-88ec9/locations/us-central1/functions/AddUserRole","eventTrigger":{"eventType":"providers/firebase.auth/eventTypes/user.create","resource":"projects/foodrangers-88ec9","service":"firebaseauth.googleapis.com"},"status":"ACTIVE","entryPoint":"AddUserRole","timeout":"60s","availableMemoryMb":256,"serviceAccountEmail":"foodrangers-88ec9@appspot.gserviceaccount.com","updateTime":"2021-04-19T15:34:16.991Z","versionId":"12","labels":{"deployment-tool":"cli-firebase"},"sourceUploadUrl":"https://storage.googleapis.com/gcf-upload-us-central1-d9ff84a8-c2bf-4ab0-acd2-93480da5cf8a/176fa775-9ca9-433c-9c3b-90fc4f0f3b00.zip?GoogleAccessId=service-1053913085927@gcf-admin-robot.iam.gserviceaccount.com&Expires=1618849292&Signature=TwLyYYt1t7TwAqu%2FwhkVEtYHQKvRu%2B9lIEaNCU8qAW4iqj5%2BAZPVMeRG2wezVXYzBcbuk4LrpNroskxaKdf2Go5%2FaBz3gfB8q9WAvUhUNYsrtkMGsMKY%2BLT7DxaC%2F8VdKSes8wwRAXJeR5jWtZ3k0sRl1h%2FqpK9H4dsCJO6P87WatnD30YUKzMlK7NqqW%2BquCC10ec5WQloDZC7izCbX%2F4YtrkRWyStcRi6CfwDiLjgn13fAt%2BgjFgWan1YSfgUJjbOrFLGLHp08mnh98oeYCOeIy%2FMUB4lxt4PJrmlxvdax6DRt3SezuMZgdXCdejvLmRg9%2FyEm4rQTKbFDzevMEg%3D%3D","environmentVariables":{"FIREBASE_CONFIG":"{\"projectId\":\"foodrangers-88ec9\",\"databaseURL\":\"https://foodrangers-88ec9-default-rtdb.firebaseio.com\",\"storageBucket\":\"foodrangers-88ec9.appspot.com\",\"locationId\":\"asia-southeast2\"}"},"runtime":"nodejs12","ingressSettings":"ALLOW_ALL","buildId":"2c3ae18f-b287-4b93-bea6-a14ef6fb711e"},"versionId":"13","updateTime":"2021-04-19T15:52:52Z","buildId":"03bfec98-24ea-49b0-b9aa-8e3e43146119","sourceToken":"b4954366-0b89-4e34-af4a-c762086f8c89"},"done":true,"response":{"@type":"type.googleapis.com/google.cloud.functions.v1.CloudFunction","name":"projects/foodrangers-88ec9/locations/us-central1/functions/AddUserRole","eventTrigger":{"eventType":"providers/firebase.auth/eventTypes/user.create","resource":"projects/foodrangers-88ec9","service":"firebaseauth.googleapis.com","failurePolicy":{}},"status":"ACTIVE","entryPoint":"AddUserRole","timeout":"60s","availableMemoryMb":256,"serviceAccountEmail":"foodrangers-88ec9@appspot.gserviceaccount.com","updateTime":"2021-04-19T15:52:52.079Z","versionId":"13","labels":{"deployment-tool":"cli-firebase"},"sourceUploadUrl":"https://storage.googleapis.com/gcf-upload-us-central1-d9ff84a8-c2bf-4ab0-acd2-93480da5cf8a/176fa775-9ca9-433c-9c3b-90fc4f0f3b00.zip?GoogleAccessId=service-1053913085927@gcf-admin-robot.iam.gserviceaccount.com&Expires=1618849292&Signature=TwLyYYt1t7TwAqu%2FwhkVEtYHQKvRu%2B9lIEaNCU8qAW4iqj5%2BAZPVMeRG2wezVXYzBcbuk4LrpNroskxaKdf2Go5%2FaBz3gfB8q9WAvUhUNYsrtkMGsMKY%2BLT7DxaC%2F8VdKSes8wwRAXJeR5jWtZ3k0sRl1h%2FqpK9H4dsCJO6P87WatnD30YUKzMlK7NqqW%2BquCC10ec5WQloDZC7izCbX%2F4YtrkRWyStcRi6CfwDiLjgn13fAt%2BgjFgWan1YSfgUJjbOrFLGLHp08mnh98oeYCOeIy%2FMUB4lxt4PJrmlxvdax6DRt3SezuMZgdXCdejvLmRg9%2FyEm4rQTKbFDzevMEg%3D%3D","environmentVariables":{"FIREBASE_CONFIG":"{\"projectId\":\"foodrangers-88ec9\",\"databaseURL\":\"https://foodrangers-88ec9-default-rtdb.firebaseio.com\",\"storageBucket\":\"foodrangers-88ec9.appspot.com\",\"locationId\":\"asia-southeast2\"}"},"runtime":"nodejs12","ingressSettings":"ALLOW_ALL","buildId":"03bfec98-24ea-49b0-b9aa-8e3e43146119"}}
[debug] [2021-04-19T15:52:55.010Z] Got sourceToken b4954366-0b89-4e34-af4a-c762086f8c89 for region us-central1
[info] i  functions: updating Node.js 12 function setUserRole(us-central1)... 
[debug] [2021-04-19T15:52:55.012Z] > refreshing access token with scopes: ["email","https://www.googleapis.com/auth/cloud-platform","https://www.googleapis.com/auth/cloudplatformprojects.readonly","https://www.googleapis.com/auth/firebase","openid"]
[debug] [2021-04-19T15:52:55.012Z] >>> HTTP REQUEST POST https://www.googleapis.com/oauth2/v3/token  
 <request body omitted>
[info] +  functions[AddUserRole(us-central1)]: Successful update operation.  
[debug] [2021-04-19T15:52:55.240Z] <<< HTTP RESPONSE 200 {"cache-control":"no-cache, no-store, max-age=0, must-revalidate","pragma":"no-cache","expires":"Mon, 01 Jan 1990 00:00:00 GMT","date":"Mon, 19 Apr 2021 15:52:56 GMT","content-type":"application/json; charset=utf-8","vary":"X-Origin, Referer, Origin,Accept-Encoding","server":"scaffolding on HTTPServer2","x-xss-protection":"0","x-frame-options":"SAMEORIGIN","x-content-type-options":"nosniff","alt-svc":"h3-29=\":443\"; ma=2592000,h3-T051=\":443\"; ma=2592000,h3-Q050=\":443\"; ma=2592000,h3-Q046=\":443\"; ma=2592000,h3-Q043=\":443\"; ma=2592000,quic=\":443\"; ma=2592000; v=\"46,43\"","accept-ranges":"none","transfer-encoding":"chunked"}
[debug] [2021-04-19T15:52:55.264Z] >>> HTTP REQUEST PATCH https://cloudfunctions.googleapis.com/v1/projects/foodrangers-88ec9/locations/us-central1/functions/setUserRole {"updateMask":"sourceUploadUrl,name,labels,runtime,environmentVariables,sourceToken,httpsTrigger"} 
 {"sourceUploadUrl":"https://storage.googleapis.com/gcf-upload-us-central1-d9ff84a8-c2bf-4ab0-acd2-93480da5cf8a/176fa775-9ca9-433c-9c3b-90fc4f0f3b00.zip?GoogleAccessId=service-1053913085927@gcf-admin-robot.iam.gserviceaccount.com&Expires=1618849292&Signature=TwLyYYt1t7TwAqu%2FwhkVEtYHQKvRu%2B9lIEaNCU8qAW4iqj5%2BAZPVMeRG2wezVXYzBcbuk4LrpNroskxaKdf2Go5%2FaBz3gfB8q9WAvUhUNYsrtkMGsMKY%2BLT7DxaC%2F8VdKSes8wwRAXJeR5jWtZ3k0sRl1h%2FqpK9H4dsCJO6P87WatnD30YUKzMlK7NqqW%2BquCC10ec5WQloDZC7izCbX%2F4YtrkRWyStcRi6CfwDiLjgn13fAt%2BgjFgWan1YSfgUJjbOrFLGLHp08mnh98oeYCOeIy%2FMUB4lxt4PJrmlxvdax6DRt3SezuMZgdXCdejvLmRg9%2FyEm4rQTKbFDzevMEg%3D%3D","name":"projects/foodrangers-88ec9/locations/us-central1/functions/setUserRole","labels":{"deployment-tool":"cli-firebase","deployment-callable":"true"},"httpsTrigger":{},"runtime":"nodejs12","environmentVariables":{"FIREBASE_CONFIG":"{\"projectId\":\"foodrangers-88ec9\",\"databaseURL\":\"https://foodrangers-88ec9-default-rtdb.firebaseio.com\",\"storageBucket\":\"foodrangers-88ec9.appspot.com\",\"locationId\":\"asia-southeast2\"}"},"sourceToken":"b4954366-0b89-4e34-af4a-c762086f8c89"}
[debug] [2021-04-19T15:52:56.156Z] <<< HTTP RESPONSE 200 {"content-type":"application/json; charset=UTF-8","vary":"X-Origin, Referer, Origin,Accept-Encoding","date":"Mon, 19 Apr 2021 15:52:57 GMT","server":"ESF","cache-control":"private","x-xss-protection":"0","x-frame-options":"SAMEORIGIN","x-content-type-options":"nosniff","alt-svc":"h3-29=\":443\"; ma=2592000,h3-T051=\":443\"; ma=2592000,h3-Q050=\":443\"; ma=2592000,h3-Q046=\":443\"; ma=2592000,h3-Q043=\":443\"; ma=2592000,quic=\":443\"; ma=2592000; v=\"46,43\"","accept-ranges":"none","transfer-encoding":"chunked"}
[debug] [2021-04-19T15:52:56.158Z] > refreshing access token with scopes: []
[debug] [2021-04-19T15:52:56.158Z] >>> HTTP REQUEST POST https://www.googleapis.com/oauth2/v3/token  
 <request body omitted>
[debug] [2021-04-19T15:52:56.388Z] <<< HTTP RESPONSE 200 {"expires":"Mon, 01 Jan 1990 00:00:00 GMT","pragma":"no-cache","cache-control":"no-cache, no-store, max-age=0, must-revalidate","date":"Mon, 19 Apr 2021 15:52:57 GMT","content-type":"application/json; charset=utf-8","vary":"X-Origin, Referer, Origin,Accept-Encoding","server":"scaffolding on HTTPServer2","x-xss-protection":"0","x-frame-options":"SAMEORIGIN","x-content-type-options":"nosniff","alt-svc":"h3-29=\":443\"; ma=2592000,h3-T051=\":443\"; ma=2592000,h3-Q050=\":443\"; ma=2592000,h3-Q046=\":443\"; ma=2592000,h3-Q043=\":443\"; ma=2592000,quic=\":443\"; ma=2592000; v=\"46,43\"","accept-ranges":"none","transfer-encoding":"chunked"}
[debug] [2021-04-19T15:52:56.416Z] >>> [apiv2][query] GET https://cloudfunctions.googleapis.com/v1/operations/Zm9vZHJhbmdlcnMtODhlYzkvdXMtY2VudHJhbDEvc2V0VXNlclJvbGUvemlwZF9uRjMweWM [none]
[debug] [2021-04-19T15:52:56.922Z] <<< [apiv2][status] GET https://cloudfunctions.googleapis.com/v1/operations/Zm9vZHJhbmdlcnMtODhlYzkvdXMtY2VudHJhbDEvc2V0VXNlclJvbGUvemlwZF9uRjMweWM 200
[debug] [2021-04-19T15:52:56.922Z] <<< [apiv2][body] GET https://cloudfunctions.googleapis.com/v1/operations/Zm9vZHJhbmdlcnMtODhlYzkvdXMtY2VudHJhbDEvc2V0VXNlclJvbGUvemlwZF9uRjMweWM {"name":"operations/Zm9vZHJhbmdlcnMtODhlYzkvdXMtY2VudHJhbDEvc2V0VXNlclJvbGUvemlwZF9uRjMweWM","metadata":{"@type":"type.googleapis.com/google.cloud.functions.v1.OperationMetadataV1","target":"projects/foodrangers-88ec9/locations/us-central1/functions/setUserRole","type":"UPDATE_FUNCTION","request":{"@type":"type.googleapis.com/google.cloud.functions.v1.CloudFunction","name":"projects/foodrangers-88ec9/locations/us-central1/functions/setUserRole","httpsTrigger":{},"status":"ACTIVE","entryPoint":"setUserRole","timeout":"60s","availableMemoryMb":256,"serviceAccountEmail":"foodrangers-88ec9@appspot.gserviceaccount.com","updateTime":"2021-04-19T15:34:47.039Z","versionId":"7","labels":{"deployment-tool":"cli-firebase","deployment-callable":"true"},"sourceUploadUrl":"https://storage.googleapis.com/gcf-upload-us-central1-d9ff84a8-c2bf-4ab0-acd2-93480da5cf8a/176fa775-9ca9-433c-9c3b-90fc4f0f3b00.zip?GoogleAccessId=service-1053913085927@gcf-admin-robot.iam.gserviceaccount.com&Expires=1618849292&Signature=TwLyYYt1t7TwAqu%2FwhkVEtYHQKvRu%2B9lIEaNCU8qAW4iqj5%2BAZPVMeRG2wezVXYzBcbuk4LrpNroskxaKdf2Go5%2FaBz3gfB8q9WAvUhUNYsrtkMGsMKY%2BLT7DxaC%2F8VdKSes8wwRAXJeR5jWtZ3k0sRl1h%2FqpK9H4dsCJO6P87WatnD30YUKzMlK7NqqW%2BquCC10ec5WQloDZC7izCbX%2F4YtrkRWyStcRi6CfwDiLjgn13fAt%2BgjFgWan1YSfgUJjbOrFLGLHp08mnh98oeYCOeIy%2FMUB4lxt4PJrmlxvdax6DRt3SezuMZgdXCdejvLmRg9%2FyEm4rQTKbFDzevMEg%3D%3D","environmentVariables":{"FIREBASE_CONFIG":"{\"projectId\":\"foodrangers-88ec9\",\"databaseURL\":\"https://foodrangers-88ec9-default-rtdb.firebaseio.com\",\"storageBucket\":\"foodrangers-88ec9.appspot.com\",\"locationId\":\"asia-southeast2\"}"},"runtime":"nodejs12","ingressSettings":"ALLOW_ALL","buildId":"2c3ae18f-b287-4b93-bea6-a14ef6fb711e","sourceToken":"b4954366-0b89-4e34-af4a-c762086f8c89"},"versionId":"8","updateTime":"2021-04-19T15:52:57Z","sourceToken":"b4954366-0b89-4e34-af4a-c762086f8c89"}}
[debug] [2021-04-19T15:52:57.435Z] [update-projects/foodrangers-88ec9/locations/us-central1/functions/setUserRole] Retrying task index 0
[debug] [2021-04-19T15:52:57.436Z] >>> [apiv2][query] GET https://cloudfunctions.googleapis.com/v1/operations/Zm9vZHJhbmdlcnMtODhlYzkvdXMtY2VudHJhbDEvc2V0VXNlclJvbGUvemlwZF9uRjMweWM [none]
[debug] [2021-04-19T15:52:57.913Z] <<< [apiv2][status] GET https://cloudfunctions.googleapis.com/v1/operations/Zm9vZHJhbmdlcnMtODhlYzkvdXMtY2VudHJhbDEvc2V0VXNlclJvbGUvemlwZF9uRjMweWM 200
[debug] [2021-04-19T15:52:57.913Z] <<< [apiv2][body] GET https://cloudfunctions.googleapis.com/v1/operations/Zm9vZHJhbmdlcnMtODhlYzkvdXMtY2VudHJhbDEvc2V0VXNlclJvbGUvemlwZF9uRjMweWM {"name":"operations/Zm9vZHJhbmdlcnMtODhlYzkvdXMtY2VudHJhbDEvc2V0VXNlclJvbGUvemlwZF9uRjMweWM","metadata":{"@type":"type.googleapis.com/google.cloud.functions.v1.OperationMetadataV1","target":"projects/foodrangers-88ec9/locations/us-central1/functions/setUserRole","type":"UPDATE_FUNCTION","request":{"@type":"type.googleapis.com/google.cloud.functions.v1.CloudFunction","name":"projects/foodrangers-88ec9/locations/us-central1/functions/setUserRole","httpsTrigger":{},"status":"ACTIVE","entryPoint":"setUserRole","timeout":"60s","availableMemoryMb":256,"serviceAccountEmail":"foodrangers-88ec9@appspot.gserviceaccount.com","updateTime":"2021-04-19T15:34:47.039Z","versionId":"7","labels":{"deployment-tool":"cli-firebase","deployment-callable":"true"},"sourceUploadUrl":"https://storage.googleapis.com/gcf-upload-us-central1-d9ff84a8-c2bf-4ab0-acd2-93480da5cf8a/176fa775-9ca9-433c-9c3b-90fc4f0f3b00.zip?GoogleAccessId=service-1053913085927@gcf-admin-robot.iam.gserviceaccount.com&Expires=1618849292&Signature=TwLyYYt1t7TwAqu%2FwhkVEtYHQKvRu%2B9lIEaNCU8qAW4iqj5%2BAZPVMeRG2wezVXYzBcbuk4LrpNroskxaKdf2Go5%2FaBz3gfB8q9WAvUhUNYsrtkMGsMKY%2BLT7DxaC%2F8VdKSes8wwRAXJeR5jWtZ3k0sRl1h%2FqpK9H4dsCJO6P87WatnD30YUKzMlK7NqqW%2BquCC10ec5WQloDZC7izCbX%2F4YtrkRWyStcRi6CfwDiLjgn13fAt%2BgjFgWan1YSfgUJjbOrFLGLHp08mnh98oeYCOeIy%2FMUB4lxt4PJrmlxvdax6DRt3SezuMZgdXCdejvLmRg9%2FyEm4rQTKbFDzevMEg%3D%3D","environmentVariables":{"FIREBASE_CONFIG":"{\"projectId\":\"foodrangers-88ec9\",\"databaseURL\":\"https://foodrangers-88ec9-default-rtdb.firebaseio.com\",\"storageBucket\":\"foodrangers-88ec9.appspot.com\",\"locationId\":\"asia-southeast2\"}"},"runtime":"nodejs12","ingressSettings":"ALLOW_ALL","buildId":"2c3ae18f-b287-4b93-bea6-a14ef6fb711e","sourceToken":"b4954366-0b89-4e34-af4a-c762086f8c89"},"versionId":"8","updateTime":"2021-04-19T15:52:57Z","sourceToken":"b4954366-0b89-4e34-af4a-c762086f8c89"}}
[debug] [2021-04-19T15:52:58.915Z] [update-projects/foodrangers-88ec9/locations/us-central1/functions/setUserRole] Retrying task index 0
[debug] [2021-04-19T15:52:58.915Z] >>> [apiv2][query] GET https://cloudfunctions.googleapis.com/v1/operations/Zm9vZHJhbmdlcnMtODhlYzkvdXMtY2VudHJhbDEvc2V0VXNlclJvbGUvemlwZF9uRjMweWM [none]
[debug] [2021-04-19T15:52:59.403Z] <<< [apiv2][status] GET https://cloudfunctions.googleapis.com/v1/operations/Zm9vZHJhbmdlcnMtODhlYzkvdXMtY2VudHJhbDEvc2V0VXNlclJvbGUvemlwZF9uRjMweWM 200
[debug] [2021-04-19T15:52:59.404Z] <<< [apiv2][body] GET https://cloudfunctions.googleapis.com/v1/operations/Zm9vZHJhbmdlcnMtODhlYzkvdXMtY2VudHJhbDEvc2V0VXNlclJvbGUvemlwZF9uRjMweWM {"name":"operations/Zm9vZHJhbmdlcnMtODhlYzkvdXMtY2VudHJhbDEvc2V0VXNlclJvbGUvemlwZF9uRjMweWM","metadata":{"@type":"type.googleapis.com/google.cloud.functions.v1.OperationMetadataV1","target":"projects/foodrangers-88ec9/locations/us-central1/functions/setUserRole","type":"UPDATE_FUNCTION","request":{"@type":"type.googleapis.com/google.cloud.functions.v1.CloudFunction","name":"projects/foodrangers-88ec9/locations/us-central1/functions/setUserRole","httpsTrigger":{},"status":"ACTIVE","entryPoint":"setUserRole","timeout":"60s","availableMemoryMb":256,"serviceAccountEmail":"foodrangers-88ec9@appspot.gserviceaccount.com","updateTime":"2021-04-19T15:34:47.039Z","versionId":"7","labels":{"deployment-tool":"cli-firebase","deployment-callable":"true"},"sourceUploadUrl":"https://storage.googleapis.com/gcf-upload-us-central1-d9ff84a8-c2bf-4ab0-acd2-93480da5cf8a/176fa775-9ca9-433c-9c3b-90fc4f0f3b00.zip?GoogleAccessId=service-1053913085927@gcf-admin-robot.iam.gserviceaccount.com&Expires=1618849292&Signature=TwLyYYt1t7TwAqu%2FwhkVEtYHQKvRu%2B9lIEaNCU8qAW4iqj5%2BAZPVMeRG2wezVXYzBcbuk4LrpNroskxaKdf2Go5%2FaBz3gfB8q9WAvUhUNYsrtkMGsMKY%2BLT7DxaC%2F8VdKSes8wwRAXJeR5jWtZ3k0sRl1h%2FqpK9H4dsCJO6P87WatnD30YUKzMlK7NqqW%2BquCC10ec5WQloDZC7izCbX%2F4YtrkRWyStcRi6CfwDiLjgn13fAt%2BgjFgWan1YSfgUJjbOrFLGLHp08mnh98oeYCOeIy%2FMUB4lxt4PJrmlxvdax6DRt3SezuMZgdXCdejvLmRg9%2FyEm4rQTKbFDzevMEg%3D%3D","environmentVariables":{"FIREBASE_CONFIG":"{\"projectId\":\"foodrangers-88ec9\",\"databaseURL\":\"https://foodrangers-88ec9-default-rtdb.firebaseio.com\",\"storageBucket\":\"foodrangers-88ec9.appspot.com\",\"locationId\":\"asia-southeast2\"}"},"runtime":"nodejs12","ingressSettings":"ALLOW_ALL","buildId":"2c3ae18f-b287-4b93-bea6-a14ef6fb711e","sourceToken":"b4954366-0b89-4e34-af4a-c762086f8c89"},"versionId":"8","updateTime":"2021-04-19T15:52:57Z","buildId":"03bfec98-24ea-49b0-b9aa-8e3e43146119","sourceToken":"b4954366-0b89-4e34-af4a-c762086f8c89"}}
[debug] [2021-04-19T15:53:01.418Z] [update-projects/foodrangers-88ec9/locations/us-central1/functions/setUserRole] Retrying task index 0
[debug] [2021-04-19T15:53:01.418Z] >>> [apiv2][query] GET https://cloudfunctions.googleapis.com/v1/operations/Zm9vZHJhbmdlcnMtODhlYzkvdXMtY2VudHJhbDEvc2V0VXNlclJvbGUvemlwZF9uRjMweWM [none]
[debug] [2021-04-19T15:53:01.885Z] <<< [apiv2][status] GET https://cloudfunctions.googleapis.com/v1/operations/Zm9vZHJhbmdlcnMtODhlYzkvdXMtY2VudHJhbDEvc2V0VXNlclJvbGUvemlwZF9uRjMweWM 200
[debug] [2021-04-19T15:53:01.885Z] <<< [apiv2][body] GET https://cloudfunctions.googleapis.com/v1/operations/Zm9vZHJhbmdlcnMtODhlYzkvdXMtY2VudHJhbDEvc2V0VXNlclJvbGUvemlwZF9uRjMweWM {"name":"operations/Zm9vZHJhbmdlcnMtODhlYzkvdXMtY2VudHJhbDEvc2V0VXNlclJvbGUvemlwZF9uRjMweWM","metadata":{"@type":"type.googleapis.com/google.cloud.functions.v1.OperationMetadataV1","target":"projects/foodrangers-88ec9/locations/us-central1/functions/setUserRole","type":"UPDATE_FUNCTION","request":{"@type":"type.googleapis.com/google.cloud.functions.v1.CloudFunction","name":"projects/foodrangers-88ec9/locations/us-central1/functions/setUserRole","httpsTrigger":{},"status":"ACTIVE","entryPoint":"setUserRole","timeout":"60s","availableMemoryMb":256,"serviceAccountEmail":"foodrangers-88ec9@appspot.gserviceaccount.com","updateTime":"2021-04-19T15:34:47.039Z","versionId":"7","labels":{"deployment-tool":"cli-firebase","deployment-callable":"true"},"sourceUploadUrl":"https://storage.googleapis.com/gcf-upload-us-central1-d9ff84a8-c2bf-4ab0-acd2-93480da5cf8a/176fa775-9ca9-433c-9c3b-90fc4f0f3b00.zip?GoogleAccessId=service-1053913085927@gcf-admin-robot.iam.gserviceaccount.com&Expires=1618849292&Signature=TwLyYYt1t7TwAqu%2FwhkVEtYHQKvRu%2B9lIEaNCU8qAW4iqj5%2BAZPVMeRG2wezVXYzBcbuk4LrpNroskxaKdf2Go5%2FaBz3gfB8q9WAvUhUNYsrtkMGsMKY%2BLT7DxaC%2F8VdKSes8wwRAXJeR5jWtZ3k0sRl1h%2FqpK9H4dsCJO6P87WatnD30YUKzMlK7NqqW%2BquCC10ec5WQloDZC7izCbX%2F4YtrkRWyStcRi6CfwDiLjgn13fAt%2BgjFgWan1YSfgUJjbOrFLGLHp08mnh98oeYCOeIy%2FMUB4lxt4PJrmlxvdax6DRt3SezuMZgdXCdejvLmRg9%2FyEm4rQTKbFDzevMEg%3D%3D","environmentVariables":{"FIREBASE_CONFIG":"{\"projectId\":\"foodrangers-88ec9\",\"databaseURL\":\"https://foodrangers-88ec9-default-rtdb.firebaseio.com\",\"storageBucket\":\"foodrangers-88ec9.appspot.com\",\"locationId\":\"asia-southeast2\"}"},"runtime":"nodejs12","ingressSettings":"ALLOW_ALL","buildId":"2c3ae18f-b287-4b93-bea6-a14ef6fb711e","sourceToken":"b4954366-0b89-4e34-af4a-c762086f8c89"},"versionId":"8","updateTime":"2021-04-19T15:52:57Z","buildId":"03bfec98-24ea-49b0-b9aa-8e3e43146119","sourceToken":"b4954366-0b89-4e34-af4a-c762086f8c89"}}
[debug] [2021-04-19T15:53:05.900Z] [update-projects/foodrangers-88ec9/locations/us-central1/functions/setUserRole] Retrying task index 0
[debug] [2021-04-19T15:53:05.900Z] >>> [apiv2][query] GET https://cloudfunctions.googleapis.com/v1/operations/Zm9vZHJhbmdlcnMtODhlYzkvdXMtY2VudHJhbDEvc2V0VXNlclJvbGUvemlwZF9uRjMweWM [none]
[debug] [2021-04-19T15:53:06.380Z] <<< [apiv2][status] GET https://cloudfunctions.googleapis.com/v1/operations/Zm9vZHJhbmdlcnMtODhlYzkvdXMtY2VudHJhbDEvc2V0VXNlclJvbGUvemlwZF9uRjMweWM 200
[debug] [2021-04-19T15:53:06.380Z] <<< [apiv2][body] GET https://cloudfunctions.googleapis.com/v1/operations/Zm9vZHJhbmdlcnMtODhlYzkvdXMtY2VudHJhbDEvc2V0VXNlclJvbGUvemlwZF9uRjMweWM {"name":"operations/Zm9vZHJhbmdlcnMtODhlYzkvdXMtY2VudHJhbDEvc2V0VXNlclJvbGUvemlwZF9uRjMweWM","metadata":{"@type":"type.googleapis.com/google.cloud.functions.v1.OperationMetadataV1","target":"projects/foodrangers-88ec9/locations/us-central1/functions/setUserRole","type":"UPDATE_FUNCTION","request":{"@type":"type.googleapis.com/google.cloud.functions.v1.CloudFunction","name":"projects/foodrangers-88ec9/locations/us-central1/functions/setUserRole","httpsTrigger":{},"status":"ACTIVE","entryPoint":"setUserRole","timeout":"60s","availableMemoryMb":256,"serviceAccountEmail":"foodrangers-88ec9@appspot.gserviceaccount.com","updateTime":"2021-04-19T15:34:47.039Z","versionId":"7","labels":{"deployment-tool":"cli-firebase","deployment-callable":"true"},"sourceUploadUrl":"https://storage.googleapis.com/gcf-upload-us-central1-d9ff84a8-c2bf-4ab0-acd2-93480da5cf8a/176fa775-9ca9-433c-9c3b-90fc4f0f3b00.zip?GoogleAccessId=service-1053913085927@gcf-admin-robot.iam.gserviceaccount.com&Expires=1618849292&Signature=TwLyYYt1t7TwAqu%2FwhkVEtYHQKvRu%2B9lIEaNCU8qAW4iqj5%2BAZPVMeRG2wezVXYzBcbuk4LrpNroskxaKdf2Go5%2FaBz3gfB8q9WAvUhUNYsrtkMGsMKY%2BLT7DxaC%2F8VdKSes8wwRAXJeR5jWtZ3k0sRl1h%2FqpK9H4dsCJO6P87WatnD30YUKzMlK7NqqW%2BquCC10ec5WQloDZC7izCbX%2F4YtrkRWyStcRi6CfwDiLjgn13fAt%2BgjFgWan1YSfgUJjbOrFLGLHp08mnh98oeYCOeIy%2FMUB4lxt4PJrmlxvdax6DRt3SezuMZgdXCdejvLmRg9%2FyEm4rQTKbFDzevMEg%3D%3D","environmentVariables":{"FIREBASE_CONFIG":"{\"projectId\":\"foodrangers-88ec9\",\"databaseURL\":\"https://foodrangers-88ec9-default-rtdb.firebaseio.com\",\"storageBucket\":\"foodrangers-88ec9.appspot.com\",\"locationId\":\"asia-southeast2\"}"},"runtime":"nodejs12","ingressSettings":"ALLOW_ALL","buildId":"2c3ae18f-b287-4b93-bea6-a14ef6fb711e","sourceToken":"b4954366-0b89-4e34-af4a-c762086f8c89"},"versionId":"8","updateTime":"2021-04-19T15:52:57Z","buildId":"03bfec98-24ea-49b0-b9aa-8e3e43146119","sourceToken":"b4954366-0b89-4e34-af4a-c762086f8c89"}}
[debug] [2021-04-19T15:53:14.392Z] [update-projects/foodrangers-88ec9/locations/us-central1/functions/setUserRole] Retrying task index 0
[debug] [2021-04-19T15:53:14.392Z] >>> [apiv2][query] GET https://cloudfunctions.googleapis.com/v1/operations/Zm9vZHJhbmdlcnMtODhlYzkvdXMtY2VudHJhbDEvc2V0VXNlclJvbGUvemlwZF9uRjMweWM [none]
[debug] [2021-04-19T15:53:14.857Z] <<< [apiv2][status] GET https://cloudfunctions.googleapis.com/v1/operations/Zm9vZHJhbmdlcnMtODhlYzkvdXMtY2VudHJhbDEvc2V0VXNlclJvbGUvemlwZF9uRjMweWM 200
[debug] [2021-04-19T15:53:14.857Z] <<< [apiv2][body] GET https://cloudfunctions.googleapis.com/v1/operations/Zm9vZHJhbmdlcnMtODhlYzkvdXMtY2VudHJhbDEvc2V0VXNlclJvbGUvemlwZF9uRjMweWM {"name":"operations/Zm9vZHJhbmdlcnMtODhlYzkvdXMtY2VudHJhbDEvc2V0VXNlclJvbGUvemlwZF9uRjMweWM","metadata":{"@type":"type.googleapis.com/google.cloud.functions.v1.OperationMetadataV1","target":"projects/foodrangers-88ec9/locations/us-central1/functions/setUserRole","type":"UPDATE_FUNCTION","request":{"@type":"type.googleapis.com/google.cloud.functions.v1.CloudFunction","name":"projects/foodrangers-88ec9/locations/us-central1/functions/setUserRole","httpsTrigger":{},"status":"ACTIVE","entryPoint":"setUserRole","timeout":"60s","availableMemoryMb":256,"serviceAccountEmail":"foodrangers-88ec9@appspot.gserviceaccount.com","updateTime":"2021-04-19T15:34:47.039Z","versionId":"7","labels":{"deployment-tool":"cli-firebase","deployment-callable":"true"},"sourceUploadUrl":"https://storage.googleapis.com/gcf-upload-us-central1-d9ff84a8-c2bf-4ab0-acd2-93480da5cf8a/176fa775-9ca9-433c-9c3b-90fc4f0f3b00.zip?GoogleAccessId=service-1053913085927@gcf-admin-robot.iam.gserviceaccount.com&Expires=1618849292&Signature=TwLyYYt1t7TwAqu%2FwhkVEtYHQKvRu%2B9lIEaNCU8qAW4iqj5%2BAZPVMeRG2wezVXYzBcbuk4LrpNroskxaKdf2Go5%2FaBz3gfB8q9WAvUhUNYsrtkMGsMKY%2BLT7DxaC%2F8VdKSes8wwRAXJeR5jWtZ3k0sRl1h%2FqpK9H4dsCJO6P87WatnD30YUKzMlK7NqqW%2BquCC10ec5WQloDZC7izCbX%2F4YtrkRWyStcRi6CfwDiLjgn13fAt%2BgjFgWan1YSfgUJjbOrFLGLHp08mnh98oeYCOeIy%2FMUB4lxt4PJrmlxvdax6DRt3SezuMZgdXCdejvLmRg9%2FyEm4rQTKbFDzevMEg%3D%3D","environmentVariables":{"FIREBASE_CONFIG":"{\"projectId\":\"foodrangers-88ec9\",\"databaseURL\":\"https://foodrangers-88ec9-default-rtdb.firebaseio.com\",\"storageBucket\":\"foodrangers-88ec9.appspot.com\",\"locationId\":\"asia-southeast2\"}"},"runtime":"nodejs12","ingressSettings":"ALLOW_ALL","buildId":"2c3ae18f-b287-4b93-bea6-a14ef6fb711e","sourceToken":"b4954366-0b89-4e34-af4a-c762086f8c89"},"versionId":"8","updateTime":"2021-04-19T15:53:15Z","buildId":"03bfec98-24ea-49b0-b9aa-8e3e43146119","sourceToken":"b4954366-0b89-4e34-af4a-c762086f8c89"},"done":true,"response":{"@type":"type.googleapis.com/google.cloud.functions.v1.CloudFunction","name":"projects/foodrangers-88ec9/locations/us-central1/functions/setUserRole","httpsTrigger":{"url":"https://us-central1-foodrangers-88ec9.cloudfunctions.net/setUserRole","securityLevel":"SECURE_OPTIONAL"},"status":"ACTIVE","entryPoint":"setUserRole","timeout":"60s","availableMemoryMb":256,"serviceAccountEmail":"foodrangers-88ec9@appspot.gserviceaccount.com","updateTime":"2021-04-19T15:53:15.851Z","versionId":"8","labels":{"deployment-tool":"cli-firebase","deployment-callable":"true"},"sourceUploadUrl":"https://storage.googleapis.com/gcf-upload-us-central1-d9ff84a8-c2bf-4ab0-acd2-93480da5cf8a/176fa775-9ca9-433c-9c3b-90fc4f0f3b00.zip?GoogleAccessId=service-1053913085927@gcf-admin-robot.iam.gserviceaccount.com&Expires=1618849292&Signature=TwLyYYt1t7TwAqu%2FwhkVEtYHQKvRu%2B9lIEaNCU8qAW4iqj5%2BAZPVMeRG2wezVXYzBcbuk4LrpNroskxaKdf2Go5%2FaBz3gfB8q9WAvUhUNYsrtkMGsMKY%2BLT7DxaC%2F8VdKSes8wwRAXJeR5jWtZ3k0sRl1h%2FqpK9H4dsCJO6P87WatnD30YUKzMlK7NqqW%2BquCC10ec5WQloDZC7izCbX%2F4YtrkRWyStcRi6CfwDiLjgn13fAt%2BgjFgWan1YSfgUJjbOrFLGLHp08mnh98oeYCOeIy%2FMUB4lxt4PJrmlxvdax6DRt3SezuMZgdXCdejvLmRg9%2FyEm4rQTKbFDzevMEg%3D%3D","environmentVariables":{"FIREBASE_CONFIG":"{\"projectId\":\"foodrangers-88ec9\",\"databaseURL\":\"https://foodrangers-88ec9-default-rtdb.firebaseio.com\",\"storageBucket\":\"foodrangers-88ec9.appspot.com\",\"locationId\":\"asia-southeast2\"}"},"runtime":"nodejs12","ingressSettings":"ALLOW_ALL","buildId":"03bfec98-24ea-49b0-b9aa-8e3e43146119"}}
[info] +  functions[setUserRole(us-central1)]: Successful update operation.  
[debug] [2021-04-19T15:53:14.859Z] Total Function Deployment time: 88493
[debug] [2021-04-19T15:53:14.859Z] 2 Functions Deployed
[debug] [2021-04-19T15:53:14.859Z] 0 Functions Errored
[debug] [2021-04-19T15:53:14.859Z] Average Function Deployment time: 44248.5
[debug] [2021-04-19T15:53:14.860Z] > refreshing access token with scopes: ["email","https://www.googleapis.com/auth/cloud-platform","https://www.googleapis.com/auth/cloudplatformprojects.readonly","https://www.googleapis.com/auth/firebase","openid"]
[debug] [2021-04-19T15:53:14.860Z] >>> HTTP REQUEST POST https://www.googleapis.com/oauth2/v3/token  
 <request body omitted>
[debug] [2021-04-19T15:53:14.860Z] [
  {
    "config": {
      "public": "dist",
      "ignore": [
        "firebase.json",
        "**/.*",
        "**/node_modules/**"
      ],
      "rewrites": [
        {
          "source": "**",
          "destination": "/index.html"
        }
      ],
      "site": "foodrangers-88ec9"
    },
    "site": "foodrangers-88ec9",
    "version": "sites/foodrangers-88ec9/versions/3dabb0bfb69571a2"
  }
]
[info] i  hosting[foodrangers-88ec9]: finalizing version... 
[debug] [2021-04-19T15:53:14.861Z] > refreshing access token with scopes: ["email","https://www.googleapis.com/auth/cloud-platform","https://www.googleapis.com/auth/cloudplatformprojects.readonly","https://www.googleapis.com/auth/firebase","openid"]
[debug] [2021-04-19T15:53:14.861Z] >>> HTTP REQUEST POST https://www.googleapis.com/oauth2/v3/token  
 <request body omitted>
[debug] [2021-04-19T15:53:15.086Z] <<< HTTP RESPONSE 200 {"cache-control":"no-cache, no-store, max-age=0, must-revalidate","expires":"Mon, 01 Jan 1990 00:00:00 GMT","date":"Mon, 19 Apr 2021 15:53:16 GMT","pragma":"no-cache","content-type":"application/json; charset=utf-8","vary":"X-Origin, Referer, Origin,Accept-Encoding","server":"scaffolding on HTTPServer2","x-xss-protection":"0","x-frame-options":"SAMEORIGIN","x-content-type-options":"nosniff","alt-svc":"h3-29=\":443\"; ma=2592000,h3-T051=\":443\"; ma=2592000,h3-Q050=\":443\"; ma=2592000,h3-Q046=\":443\"; ma=2592000,h3-Q043=\":443\"; ma=2592000,quic=\":443\"; ma=2592000; v=\"46,43\"","accept-ranges":"none","transfer-encoding":"chunked"}
[debug] [2021-04-19T15:53:15.100Z] >>> HTTP REQUEST PATCH https://firebasehosting.googleapis.com/v1beta1/sites/foodrangers-88ec9/versions/3dabb0bfb69571a2?updateMask=status  
 {"status":"FINALIZED"}
[debug] [2021-04-19T15:53:15.103Z] <<< HTTP RESPONSE 200 {"pragma":"no-cache","cache-control":"no-cache, no-store, max-age=0, must-revalidate","date":"Mon, 19 Apr 2021 15:53:16 GMT","expires":"Mon, 01 Jan 1990 00:00:00 GMT","content-type":"application/json; charset=utf-8","vary":"X-Origin, Referer, Origin,Accept-Encoding","server":"scaffolding on HTTPServer2","x-xss-protection":"0","x-frame-options":"SAMEORIGIN","x-content-type-options":"nosniff","alt-svc":"h3-29=\":443\"; ma=2592000,h3-T051=\":443\"; ma=2592000,h3-Q050=\":443\"; ma=2592000,h3-Q046=\":443\"; ma=2592000,h3-Q043=\":443\"; ma=2592000,quic=\":443\"; ma=2592000; v=\"46,43\"","accept-ranges":"none","transfer-encoding":"chunked"}
[debug] [2021-04-19T15:53:15.112Z] >>> HTTP REQUEST GET https://cloudfunctions.googleapis.com/v1/projects/foodrangers-88ec9/locations/-/functions  
 
[debug] [2021-04-19T15:53:15.760Z] <<< HTTP RESPONSE 200 {"content-type":"application/json; charset=UTF-8","vary":"X-Origin, Referer, Origin,Accept-Encoding","date":"Mon, 19 Apr 2021 15:53:17 GMT","server":"ESF","cache-control":"private","x-xss-protection":"0","x-frame-options":"SAMEORIGIN","x-content-type-options":"nosniff","alt-svc":"h3-29=\":443\"; ma=2592000,h3-T051=\":443\"; ma=2592000,h3-Q050=\":443\"; ma=2592000,h3-Q046=\":443\"; ma=2592000,h3-Q043=\":443\"; ma=2592000,quic=\":443\"; ma=2592000; v=\"46,43\"","accept-ranges":"none","transfer-encoding":"chunked"}
[info] Function URL (setUserRole): https://us-central1-foodrangers-88ec9.cloudfunctions.net/setUserRole
[debug] [2021-04-19T15:53:16.485Z] <<< HTTP RESPONSE 200 {"content-type":"application/json; charset=UTF-8","vary":"X-Origin, Referer, Origin,Accept-Encoding","date":"Mon, 19 Apr 2021 15:53:17 GMT","server":"ESF","cache-control":"private","x-xss-protection":"0","x-frame-options":"SAMEORIGIN","x-content-type-options":"nosniff","alt-svc":"h3-29=\":443\"; ma=2592000,h3-T051=\":443\"; ma=2592000,h3-Q050=\":443\"; ma=2592000,h3-Q046=\":443\"; ma=2592000,h3-Q043=\":443\"; ma=2592000,quic=\":443\"; ma=2592000; v=\"46,43\"","accept-ranges":"none","transfer-encoding":"chunked"}
[debug] [2021-04-19T15:53:16.485Z] [hosting] finalized version for foodrangers-88ec9: {"name":"sites/foodrangers-88ec9/versions/3dabb0bfb69571a2","status":"FINALIZED","config":{"rewrites":[{"glob":"**","path":"/index.html"}]},"labels":{"deployment-tool":"cli-firebase"},"createTime":"2021-04-19T15:51:24.106905Z","createUser":{"email":"aliciaajy@gmail.com"},"finalizeTime":"2021-04-19T15:53:17.645790Z","finalizeUser":{"email":"aliciaajy@gmail.com"}}
[info] +  hosting[foodrangers-88ec9]: version finalized 
[info] i  hosting[foodrangers-88ec9]: releasing new version... 
[debug] [2021-04-19T15:53:16.487Z] >>> HTTP REQUEST POST https://firebasehosting.googleapis.com/v1beta1/sites/foodrangers-88ec9/releases?version_name=sites/foodrangers-88ec9/versions/3dabb0bfb69571a2  
 {"message":null}
[debug] [2021-04-19T15:53:17.930Z] <<< HTTP RESPONSE 200 {"content-type":"application/json; charset=UTF-8","vary":"X-Origin, Referer, Origin,Accept-Encoding","date":"Mon, 19 Apr 2021 15:53:19 GMT","server":"ESF","cache-control":"private","x-xss-protection":"0","x-frame-options":"SAMEORIGIN","x-content-type-options":"nosniff","alt-svc":"h3-29=\":443\"; ma=2592000,h3-T051=\":443\"; ma=2592000,h3-Q050=\":443\"; ma=2592000,h3-Q046=\":443\"; ma=2592000,h3-Q043=\":443\"; ma=2592000,quic=\":443\"; ma=2592000; v=\"46,43\"","accept-ranges":"none","transfer-encoding":"chunked"}
[debug] [2021-04-19T15:53:17.931Z] [hosting] release: {"name":"sites/foodrangers-88ec9/releases/1618847598539352","version":{"name":"sites/foodrangers-88ec9/versions/3dabb0bfb69571a2","status":"FINALIZED","config":{"rewrites":[{"glob":"**","path":"/index.html"}]},"labels":{"deployment-tool":"cli-firebase"},"createTime":"2021-04-19T15:51:24.106905Z","createUser":{"email":"aliciaajy@gmail.com"},"finalizeTime":"2021-04-19T15:53:17.645790Z","finalizeUser":{"email":"aliciaajy@gmail.com"},"preview":{}},"type":"DEPLOY","releaseTime":"2021-04-19T15:53:18.539352389Z","releaseUser":{"email":"aliciaajy@gmail.com"}}
[info] +  hosting[foodrangers-88ec9]: release complete 
[debug] [2021-04-19T15:53:17.933Z] >>> HTTP REQUEST GET https://firebaseremoteconfig.googleapis.com/v1/projects/1053913085927/remoteConfig  
 
[debug] [2021-04-19T15:53:18.211Z] <<< HTTP RESPONSE 503 {"vary":"Origin, X-Origin, Referer","content-type":"application/json; charset=UTF-8","content-encoding":"gzip","date":"Mon, 19 Apr 2021 15:53:19 GMT","server":"ESF","cache-control":"private","x-xss-protection":"0","x-frame-options":"SAMEORIGIN","x-content-type-options":"nosniff","alt-svc":"h3-29=\":443\"; ma=2592000,h3-T051=\":443\"; ma=2592000,h3-Q050=\":443\"; ma=2592000,h3-Q046=\":443\"; ma=2592000,h3-Q043=\":443\"; ma=2592000,quic=\":443\"; ma=2592000; v=\"46,43\"","transfer-encoding":"chunked"}
[debug] [2021-04-19T15:53:18.211Z] <<< HTTP RESPONSE BODY      RPPJ-*/RRrT X"Z\S
HU(N-*LNU,VH.-*J+T(K,KILIS+.I,)-issqtqUrr Uuz   
[error] 
[error] Error: HTTP Error: 503, Unknown Error
[debug] [2021-04-19T15:53:19.413Z] Error Context: {
  "body": {
    "error": {
      "message": "Unknown Error"
    }
  },
  "response": {
    "statusCode": 503,
    "body": "\u001f\b\u0000\u0000\u0000\u0000\u0000\u0002RPPJ-*/RR\u0006rT X\u0007\"Z\\\u000e\u0012S\nHU(N-*LNU,VH.-*J+T(K,KILIS+.I,)-\u0006i\u000bs\fsqtqU\u0002rr\u0001\u0000Uu\u0011z\u0000\u0000\u0000",
    "headers": {
      "vary": "Origin, X-Origin, Referer",
      "content-type": "application/json; charset=UTF-8",
      "content-encoding": "gzip",
      "date": "Mon, 19 Apr 2021 15:53:19 GMT",
      "server": "ESF",
      "cache-control": "private",
      "x-xss-protection": "0",
      "x-frame-options": "SAMEORIGIN",
      "x-content-type-options": "nosniff",
      "alt-svc": "h3-29=\":443\"; ma=2592000,h3-T051=\":443\"; ma=2592000,h3-Q050=\":443\"; ma=2592000,h3-Q046=\":443\"; ma=2592000,h3-Q043=\":443\"; ma=2592000,quic=\":443\"; ma=2592000; v=\"46,43\"",
      "transfer-encoding": "chunked"
    },
    "request": {
      "uri": {
        "protocol": "https:",
        "slashes": true,
        "auth": null,
        "host": "firebaseremoteconfig.googleapis.com",
        "port": 443,
        "hostname": "firebaseremoteconfig.googleapis.com",
        "hash": null,
        "search": null,
        "query": null,
        "pathname": "/v1/projects/1053913085927/remoteConfig",
        "path": "/v1/projects/1053913085927/remoteConfig",
        "href": "https://firebaseremoteconfig.googleapis.com/v1/projects/1053913085927/remoteConfig"
      },
      "method": "GET"
    }
  }
}
